SF:/home/bzf/projects/pmix-rs/src/allocation.rs
FN:120,_RNvMNtCsyULe2umut5_4pmix10allocationNtB2_18PmixAllocDirective6to_raw
FN:108,_RNvMNtCsyULe2umut5_4pmix10allocationNtB2_18PmixAllocDirective8from_raw
FN:164,_RNvMs0_NtCsyULe2umut5_4pmix10allocationNtB5_17AllocationResults3len
FN:169,_RNvMs0_NtCsyULe2umut5_4pmix10allocationNtB5_17AllocationResults8is_empty
FN:225,_RNvNtCsyULe2umut5_4pmix10allocation18allocation_request
FN:133,_RNvXs_NtCsyULe2umut5_4pmix10allocationNtB4_18PmixAllocDirectiveNtNtCs27Vx93FoQ6z_4core3fmt7Display3fmt
FN:654,_RNCNvNtCsyULe2umut5_4pmix10allocation12JOB_CTRL_SEQ0B5_
FN:288,_RNCNvNtCsyULe2umut5_4pmix10allocation14ALLOCATION_SEQ0B5_
FN:853,_RNCNvNtCsyULe2umut5_4pmix10allocation16SESSION_CTRL_SEQ0B5_
FN:661,_RNCNvNtCsyULe2umut5_4pmix10allocation17JOB_CTRL_REGISTRY0B5_
FN:295,_RNCNvNtCsyULe2umut5_4pmix10allocation19ALLOCATION_REGISTRY0B5_
FN:857,_RNCNvNtCsyULe2umut5_4pmix10allocation21SESSION_CTRL_REGISTRY0B5_
FN:175,_RNvXs1_NtCsyULe2umut5_4pmix10allocationNtB5_17AllocationResultsNtNtNtCs27Vx93FoQ6z_4core3ops4drop4Drop4drop
FN:475,_RNvMs2_NtCsyULe2umut5_4pmix10allocationNtB5_17PmixJobCtrlAction3key
FN:516,_RNvMs4_NtCsyULe2umut5_4pmix10allocationNtB5_17JobControlResults3len
FN:521,_RNvMs4_NtCsyULe2umut5_4pmix10allocationNtB5_17JobControlResults8is_empty
FN:528,_RNvMs4_NtCsyULe2umut5_4pmix10allocationNtB5_17JobControlResults9new_empty
FN:824,_RNvMs6_NtCsyULe2umut5_4pmix10allocationNtB5_21SessionControlResults3len
FN:828,_RNvMs6_NtCsyULe2umut5_4pmix10allocationNtB5_21SessionControlResults8is_empty
FN:582,_RNvNtCsyULe2umut5_4pmix10allocation11job_control
FN:736,_RNvNtCsyULe2umut5_4pmix10allocation14job_control_nb
FN:921,_RNvNtCsyULe2umut5_4pmix10allocation15session_control
FN:370,_RNvNtCsyULe2umut5_4pmix10allocation21allocation_request_nb
FN:302,_RNvNtCsyULe2umut5_4pmix10allocation26allocation_callback_bridge
FN:668,_RNvNtCsyULe2umut5_4pmix10allocation27job_control_callback_bridge
FN:859,_RNvNtCsyULe2umut5_4pmix10allocation31session_control_callback_bridge
FN:489,_RNvXs3_NtCsyULe2umut5_4pmix10allocationNtB5_17PmixJobCtrlActionNtNtCs27Vx93FoQ6z_4core3fmt7Display3fmt
FN:537,_RNvXs5_NtCsyULe2umut5_4pmix10allocationNtB5_17JobControlResultsNtNtNtCs27Vx93FoQ6z_4core3ops4drop4Drop4drop
FN:834,_RNvXs7_NtCsyULe2umut5_4pmix10allocationNtB5_21SessionControlResultsNtNtNtCs27Vx93FoQ6z_4core3ops4drop4Drop4drop
FN:1085,_RNvNtNtCsyULe2umut5_4pmix10allocation5testss_28test_alloc_directive_derives
FN:1060,_RNvNtNtCsyULe2umut5_4pmix10allocation5testss_28test_alloc_directive_display
FN:1053,_RNvNtNtCsyULe2umut5_4pmix10allocation5testss_28test_alloc_directive_unknown
FN:1128,_RNvNtNtCsyULe2umut5_4pmix10allocation5testss_29test_allocation_results_debug
FN:1118,_RNvNtNtCsyULe2umut5_4pmix10allocation5testss_29test_allocation_results_empty
FN:1003,_RNvNtNtCsyULe2umut5_4pmix10allocation5testss_34test_alloc_directive_new_roundtrip
FN:1161,_RNvNtNtCsyULe2umut5_4pmix10allocation5testss_34test_allocation_request_empty_info
FN:1013,_RNvNtNtCsyULe2umut5_4pmix10allocation5testss_37test_alloc_directive_extend_roundtrip
FN:1140,_RNvNtNtCsyULe2umut5_4pmix10allocation5testss_37test_allocation_request_requires_init
FN:1023,_RNvNtNtCsyULe2umut5_4pmix10allocation5testss_38test_alloc_directive_release_roundtrip
FN:1043,_RNvNtNtCsyULe2umut5_4pmix10allocation5testss_39test_alloc_directive_external_roundtrip
FN:1033,_RNvNtNtCsyULe2umut5_4pmix10allocation5testss_40test_alloc_directive_reacquire_roundtrip
FN:1151,_RNvNtNtCsyULe2umut5_4pmix10allocation5testss_40test_allocation_request_directive_values
FNDA:17,_RNvMNtCsyULe2umut5_4pmix10allocationNtB2_18PmixAllocDirective6to_raw
FNDA:6,_RNvMNtCsyULe2umut5_4pmix10allocationNtB2_18PmixAllocDirective8from_raw
FNDA:1,_RNvMs0_NtCsyULe2umut5_4pmix10allocationNtB5_17AllocationResults3len
FNDA:1,_RNvMs0_NtCsyULe2umut5_4pmix10allocationNtB5_17AllocationResults8is_empty
FNDA:2,_RNvNtCsyULe2umut5_4pmix10allocation18allocation_request
FNDA:6,_RNvXs_NtCsyULe2umut5_4pmix10allocationNtB4_18PmixAllocDirectiveNtNtCs27Vx93FoQ6z_4core3fmt7Display3fmt
FNDA:0,_RNCNvNtCsyULe2umut5_4pmix10allocation12JOB_CTRL_SEQ0B5_
FNDA:0,_RNCNvNtCsyULe2umut5_4pmix10allocation14ALLOCATION_SEQ0B5_
FNDA:0,_RNCNvNtCsyULe2umut5_4pmix10allocation16SESSION_CTRL_SEQ0B5_
FNDA:0,_RNCNvNtCsyULe2umut5_4pmix10allocation17JOB_CTRL_REGISTRY0B5_
FNDA:0,_RNCNvNtCsyULe2umut5_4pmix10allocation19ALLOCATION_REGISTRY0B5_
FNDA:0,_RNCNvNtCsyULe2umut5_4pmix10allocation21SESSION_CTRL_REGISTRY0B5_
FNDA:2,_RNvXs1_NtCsyULe2umut5_4pmix10allocationNtB5_17AllocationResultsNtNtNtCs27Vx93FoQ6z_4core3ops4drop4Drop4drop
FNDA:0,_RNvMs2_NtCsyULe2umut5_4pmix10allocationNtB5_17PmixJobCtrlAction3key
FNDA:0,_RNvMs4_NtCsyULe2umut5_4pmix10allocationNtB5_17JobControlResults3len
FNDA:0,_RNvMs4_NtCsyULe2umut5_4pmix10allocationNtB5_17JobControlResults8is_empty
FNDA:0,_RNvMs4_NtCsyULe2umut5_4pmix10allocationNtB5_17JobControlResults9new_empty
FNDA:0,_RNvMs6_NtCsyULe2umut5_4pmix10allocationNtB5_21SessionControlResults3len
FNDA:0,_RNvMs6_NtCsyULe2umut5_4pmix10allocationNtB5_21SessionControlResults8is_empty
FNDA:0,_RNvNtCsyULe2umut5_4pmix10allocation11job_control
FNDA:0,_RNvNtCsyULe2umut5_4pmix10allocation14job_control_nb
FNDA:0,_RNvNtCsyULe2umut5_4pmix10allocation15session_control
FNDA:0,_RNvNtCsyULe2umut5_4pmix10allocation21allocation_request_nb
FNDA:0,_RNvNtCsyULe2umut5_4pmix10allocation26allocation_callback_bridge
FNDA:0,_RNvNtCsyULe2umut5_4pmix10allocation27job_control_callback_bridge
FNDA:0,_RNvNtCsyULe2umut5_4pmix10allocation31session_control_callback_bridge
FNDA:0,_RNvXs3_NtCsyULe2umut5_4pmix10allocationNtB5_17PmixJobCtrlActionNtNtCs27Vx93FoQ6z_4core3fmt7Display3fmt
FNDA:0,_RNvXs5_NtCsyULe2umut5_4pmix10allocationNtB5_17JobControlResultsNtNtNtCs27Vx93FoQ6z_4core3ops4drop4Drop4drop
FNDA:0,_RNvXs7_NtCsyULe2umut5_4pmix10allocationNtB5_21SessionControlResultsNtNtNtCs27Vx93FoQ6z_4core3ops4drop4Drop4drop
FNDA:1,_RNvNtNtCsyULe2umut5_4pmix10allocation5testss_28test_alloc_directive_derives
FNDA:1,_RNvNtNtCsyULe2umut5_4pmix10allocation5testss_28test_alloc_directive_display
FNDA:1,_RNvNtNtCsyULe2umut5_4pmix10allocation5testss_28test_alloc_directive_unknown
FNDA:1,_RNvNtNtCsyULe2umut5_4pmix10allocation5testss_29test_allocation_results_debug
FNDA:1,_RNvNtNtCsyULe2umut5_4pmix10allocation5testss_29test_allocation_results_empty
FNDA:1,_RNvNtNtCsyULe2umut5_4pmix10allocation5testss_34test_alloc_directive_new_roundtrip
FNDA:1,_RNvNtNtCsyULe2umut5_4pmix10allocation5testss_34test_allocation_request_empty_info
FNDA:1,_RNvNtNtCsyULe2umut5_4pmix10allocation5testss_37test_alloc_directive_extend_roundtrip
FNDA:1,_RNvNtNtCsyULe2umut5_4pmix10allocation5testss_37test_allocation_request_requires_init
FNDA:1,_RNvNtNtCsyULe2umut5_4pmix10allocation5testss_38test_alloc_directive_release_roundtrip
FNDA:1,_RNvNtNtCsyULe2umut5_4pmix10allocation5testss_39test_alloc_directive_external_roundtrip
FNDA:1,_RNvNtNtCsyULe2umut5_4pmix10allocation5testss_40test_alloc_directive_reacquire_roundtrip
FNDA:1,_RNvNtNtCsyULe2umut5_4pmix10allocation5testss_40test_allocation_request_directive_values
FNF:42
FNH:20
DA:108,6
DA:109,6
DA:110,1
DA:111,1
DA:112,1
DA:113,1
DA:114,1
DA:115,1
DA:117,6
DA:120,17
DA:121,17
DA:122,7
DA:123,3
DA:124,2
DA:125,2
DA:126,2
DA:127,1
DA:129,17
DA:133,6
DA:134,6
DA:135,1
DA:136,1
DA:137,1
DA:138,1
DA:139,1
DA:140,1
DA:142,6
DA:164,1
DA:165,1
DA:166,1
DA:169,1
DA:170,1
DA:171,1
DA:175,2
DA:176,2
DA:177,0
DA:178,0
DA:179,0
DA:180,0
DA:181,0
DA:182,0
DA:183,0
DA:184,2
DA:185,2
DA:225,2
DA:226,2
DA:227,2
DA:228,2
DA:229,2
DA:230,2
DA:233,2
DA:234,2
DA:239,0
DA:242,2
DA:249,2
DA:250,2
DA:251,2
DA:252,2
DA:253,2
DA:254,2
DA:258,2
DA:260,2
DA:261,2
DA:262,0
DA:264,0
DA:265,0
DA:266,0
DA:267,0
DA:268,2
DA:288,0
DA:295,0
DA:302,0
DA:303,0
DA:304,0
DA:305,0
DA:306,0
DA:307,0
DA:308,0
DA:309,0
DA:310,0
DA:311,0
DA:312,0
DA:315,0
DA:318,0
DA:319,0
DA:320,0
DA:322,0
DA:323,0
DA:326,0
DA:327,0
DA:328,0
DA:329,0
DA:330,0
DA:331,0
DA:335,0
DA:336,0
DA:337,0
DA:338,0
DA:339,0
DA:340,0
DA:342,0
DA:343,0
DA:370,0
DA:371,0
DA:372,0
DA:373,0
DA:374,0
DA:376,0
DA:377,0
DA:378,0
DA:379,0
DA:384,0
DA:386,0
DA:387,0
DA:388,0
DA:389,0
DA:392,0
DA:393,0
DA:398,0
DA:401,0
DA:410,0
DA:411,0
DA:412,0
DA:413,0
DA:414,0
DA:415,0
DA:419,0
DA:421,0
DA:422,0
DA:425,0
DA:426,0
DA:427,0
DA:429,0
DA:475,0
DA:476,0
DA:477,0
DA:478,0
DA:479,0
DA:480,0
DA:481,0
DA:482,0
DA:483,0
DA:485,0
DA:489,0
DA:490,0
DA:491,0
DA:492,0
DA:493,0
DA:494,0
DA:495,0
DA:496,0
DA:497,0
DA:499,0
DA:516,0
DA:517,0
DA:518,0
DA:521,0
DA:522,0
DA:523,0
DA:528,0
DA:529,0
DA:530,0
DA:531,0
DA:532,0
DA:533,0
DA:537,0
DA:538,0
DA:539,0
DA:540,0
DA:541,0
DA:542,0
DA:543,0
DA:544,0
DA:545,0
DA:546,0
DA:547,0
DA:582,0
DA:583,0
DA:584,0
DA:587,0
DA:588,0
DA:593,0
DA:598,0
DA:599,0
DA:604,0
DA:608,0
DA:614,0
DA:615,0
DA:616,0
DA:617,0
DA:618,0
DA:619,0
DA:620,0
DA:624,0
DA:626,0
DA:627,0
DA:628,0
DA:630,0
DA:631,0
DA:632,0
DA:633,0
DA:634,0
DA:654,0
DA:661,0
DA:668,0
DA:669,0
DA:670,0
DA:671,0
DA:672,0
DA:673,0
DA:674,0
DA:675,0
DA:676,0
DA:677,0
DA:678,0
DA:681,0
DA:684,0
DA:685,0
DA:686,0
DA:688,0
DA:689,0
DA:692,0
DA:693,0
DA:694,0
DA:695,0
DA:696,0
DA:697,0
DA:701,0
DA:702,0
DA:703,0
DA:704,0
DA:705,0
DA:706,0
DA:708,0
DA:709,0
DA:736,0
DA:737,0
DA:738,0
DA:739,0
DA:740,0
DA:742,0
DA:743,0
DA:744,0
DA:745,0
DA:750,0
DA:752,0
DA:753,0
DA:754,0
DA:755,0
DA:758,0
DA:759,0
DA:764,0
DA:769,0
DA:770,0
DA:775,0
DA:779,0
DA:788,0
DA:789,0
DA:790,0
DA:791,0
DA:792,0
DA:793,0
DA:794,0
DA:798,0
DA:800,0
DA:801,0
DA:804,0
DA:805,0
DA:806,0
DA:808,0
DA:824,0
DA:825,0
DA:826,0
DA:828,0
DA:829,0
DA:830,0
DA:834,0
DA:835,0
DA:836,0
DA:837,0
DA:838,0
DA:839,0
DA:840,0
DA:841,0
DA:842,0
DA:853,0
DA:857,0
DA:859,0
DA:860,0
DA:861,0
DA:862,0
DA:863,0
DA:864,0
DA:865,0
DA:866,0
DA:867,0
DA:868,0
DA:869,0
DA:871,0
DA:873,0
DA:874,0
DA:875,0
DA:877,0
DA:878,0
DA:880,0
DA:881,0
DA:882,0
DA:883,0
DA:884,0
DA:885,0
DA:889,0
DA:890,0
DA:891,0
DA:892,0
DA:893,0
DA:894,0
DA:895,0
DA:896,0
DA:921,0
DA:922,0
DA:923,0
DA:924,0
DA:925,0
DA:926,0
DA:927,0
DA:929,0
DA:931,0
DA:933,0
DA:934,0
DA:936,0
DA:937,0
DA:938,0
DA:939,0
DA:941,0
DA:943,0
DA:944,0
DA:945,0
DA:946,0
DA:948,0
DA:949,0
DA:950,0
DA:951,0
DA:952,0
DA:953,0
DA:954,0
DA:958,0
DA:959,0
DA:960,0
DA:962,0
DA:963,0
DA:964,0
DA:969,0
DA:970,0
DA:975,0
DA:976,0
DA:979,0
DA:980,0
DA:981,0
DA:982,0
DA:983,0
DA:984,0
DA:986,0
DA:990,0
DA:1003,1
DA:1004,1
DA:1005,1
DA:1006,1
DA:1007,1
DA:1010,1
DA:1013,1
DA:1014,1
DA:1015,1
DA:1016,1
DA:1017,1
DA:1020,1
DA:1023,1
DA:1024,1
DA:1025,1
DA:1026,1
DA:1027,1
DA:1030,1
DA:1033,1
DA:1034,1
DA:1035,1
DA:1036,1
DA:1037,1
DA:1040,1
DA:1043,1
DA:1044,1
DA:1045,1
DA:1046,1
DA:1047,1
DA:1050,1
DA:1053,1
DA:1054,1
DA:1055,1
DA:1056,1
DA:1057,1
DA:1060,1
DA:1061,1
DA:1062,1
DA:1063,1
DA:1066,1
DA:1067,1
DA:1070,1
DA:1071,1
DA:1074,1
DA:1075,1
DA:1078,1
DA:1079,1
DA:1082,1
DA:1085,1
DA:1087,1
DA:1088,1
DA:1089,1
DA:1092,1
DA:1093,1
DA:1096,1
DA:1097,1
DA:1100,1
DA:1101,1
DA:1108,1
DA:1109,1
DA:1110,1
DA:1111,1
DA:1112,1
DA:1113,1
DA:1118,1
DA:1119,1
DA:1120,1
DA:1121,1
DA:1122,1
DA:1123,1
DA:1124,1
DA:1125,1
DA:1128,1
DA:1129,1
DA:1130,1
DA:1131,1
DA:1132,1
DA:1133,1
DA:1134,1
DA:1135,1
DA:1140,1
DA:1143,1
DA:1145,1
DA:1146,1
DA:1147,1
DA:1148,1
DA:1151,1
DA:1153,1
DA:1154,1
DA:1155,1
DA:1156,1
DA:1157,1
DA:1158,1
DA:1161,1
DA:1164,1
DA:1165,1
DA:1166,1
BRF:0
BRH:0
LF:460
LH:153
end_of_record
SF:/home/bzf/projects/pmix-rs/src/cpu_locality.rs
FN:146,_RNCNvNtCsyULe2umut5_4pmix12cpu_locality19parse_cpuset_string0B5_
FN:287,_RNCNvNtCsyULe2umut5_4pmix12cpu_locality21get_relative_locality0B5_
FN:288,_RNCNvNtCsyULe2umut5_4pmix12cpu_locality21get_relative_localitys_0B5_
FN:505,_RNvNtNtCsyULe2umut5_4pmix12cpu_locality5testss_21test_locality_bit_ops
FN:403,_RNvNtNtCsyULe2umut5_4pmix12cpu_locality5testss_22test_get_cpuset_thread
FN:393,_RNvNtNtCsyULe2umut5_4pmix12cpu_locality5testss_23test_get_cpuset_process
FN:498,_RNvNtNtCsyULe2umut5_4pmix12cpu_locality5testss_23test_locality_roundtrip
FN:483,_RNvNtNtCsyULe2umut5_4pmix12cpu_locality5testss_24test_locality_bit_values
FN:447,_RNvNtNtCsyULe2umut5_4pmix12cpu_locality5testss_25test_bind_envelope_to_raw
FN:454,_RNvNtNtCsyULe2umut5_4pmix12cpu_locality5testss_25test_bind_envelope_traits
FN:433,_RNvNtNtCsyULe2umut5_4pmix12cpu_locality5testss_28test_get_cpuset_reuse_cpuset
FN:349,_RNvNtNtCsyULe2umut5_4pmix12cpu_locality5testss_29test_parse_cpuset_string_list
FN:341,_RNvNtNtCsyULe2umut5_4pmix12cpu_locality5testss_30test_parse_cpuset_string_range
FN:411,_RNvNtNtCsyULe2umut5_4pmix12cpu_locality5testss_31test_get_cpuset_not_initialized
FN:424,_RNvNtNtCsyULe2umut5_4pmix12cpu_locality5testss_32test_get_cpuset_cleanup_on_error
FN:470,_RNvNtNtCsyULe2umut5_4pmix12cpu_locality5testss_35test_get_relative_locality_no_panic
FN:515,_RNvNtNtCsyULe2umut5_4pmix12cpu_locality5testss_35test_get_relative_locality_nul_byte
FN:331,_RNvNtNtCsyULe2umut5_4pmix12cpu_locality5testss_35test_parse_cpuset_string_single_cpu
FN:377,_RNvNtNtCsyULe2umut5_4pmix12cpu_locality5testss_36test_parse_cpuset_string_long_string
FN:319,_RNvNtNtCsyULe2umut5_4pmix12cpu_locality5testss_37test_parse_cpuset_string_empty_string
FN:369,_RNvNtNtCsyULe2umut5_4pmix12cpu_locality5testss_37test_parse_cpuset_string_mixed_format
FN:358,_RNvNtNtCsyULe2umut5_4pmix12cpu_locality5testss_41test_parse_cpuset_string_cleanup_on_error
FN:476,_RNvNtNtCsyULe2umut5_4pmix12cpu_locality5testss_42test_get_relative_locality_not_initialized
FN:47,_RNvMNtCsyULe2umut5_4pmix12cpu_localityNtB2_16PmixBindEnvelope6to_raw
FN:241,_RNvMs_NtCsyULe2umut5_4pmix12cpu_localityNtB4_12PmixLocality6to_raw
FN:236,_RNvMs_NtCsyULe2umut5_4pmix12cpu_localityNtB4_12PmixLocality8from_raw
FN:86,_RNvNtCsyULe2umut5_4pmix12cpu_locality10get_cpuset
FN:145,_RNvNtCsyULe2umut5_4pmix12cpu_locality19parse_cpuset_string
FN:286,_RNvNtCsyULe2umut5_4pmix12cpu_locality21get_relative_locality
FN:380,_RNCNvNtNtCsyULe2umut5_4pmix12cpu_locality5testss_36test_parse_cpuset_string_long_string0B7_
FNDA:1,_RNCNvNtCsyULe2umut5_4pmix12cpu_locality19parse_cpuset_string0B5_
FNDA:1,_RNCNvNtCsyULe2umut5_4pmix12cpu_locality21get_relative_locality0B5_
FNDA:1,_RNCNvNtCsyULe2umut5_4pmix12cpu_locality21get_relative_localitys_0B5_
FNDA:1,_RNvNtNtCsyULe2umut5_4pmix12cpu_locality5testss_21test_locality_bit_ops
FNDA:1,_RNvNtNtCsyULe2umut5_4pmix12cpu_locality5testss_22test_get_cpuset_thread
FNDA:1,_RNvNtNtCsyULe2umut5_4pmix12cpu_locality5testss_23test_get_cpuset_process
FNDA:1,_RNvNtNtCsyULe2umut5_4pmix12cpu_locality5testss_23test_locality_roundtrip
FNDA:1,_RNvNtNtCsyULe2umut5_4pmix12cpu_locality5testss_24test_locality_bit_values
FNDA:1,_RNvNtNtCsyULe2umut5_4pmix12cpu_locality5testss_25test_bind_envelope_to_raw
FNDA:1,_RNvNtNtCsyULe2umut5_4pmix12cpu_locality5testss_25test_bind_envelope_traits
FNDA:1,_RNvNtNtCsyULe2umut5_4pmix12cpu_locality5testss_28test_get_cpuset_reuse_cpuset
FNDA:1,_RNvNtNtCsyULe2umut5_4pmix12cpu_locality5testss_29test_parse_cpuset_string_list
FNDA:1,_RNvNtNtCsyULe2umut5_4pmix12cpu_locality5testss_30test_parse_cpuset_string_range
FNDA:1,_RNvNtNtCsyULe2umut5_4pmix12cpu_locality5testss_31test_get_cpuset_not_initialized
FNDA:1,_RNvNtNtCsyULe2umut5_4pmix12cpu_locality5testss_32test_get_cpuset_cleanup_on_error
FNDA:1,_RNvNtNtCsyULe2umut5_4pmix12cpu_locality5testss_35test_get_relative_locality_no_panic
FNDA:1,_RNvNtNtCsyULe2umut5_4pmix12cpu_locality5testss_35test_get_relative_locality_nul_byte
FNDA:1,_RNvNtNtCsyULe2umut5_4pmix12cpu_locality5testss_35test_parse_cpuset_string_single_cpu
FNDA:1,_RNvNtNtCsyULe2umut5_4pmix12cpu_locality5testss_36test_parse_cpuset_string_long_string
FNDA:1,_RNvNtNtCsyULe2umut5_4pmix12cpu_locality5testss_37test_parse_cpuset_string_empty_string
FNDA:1,_RNvNtNtCsyULe2umut5_4pmix12cpu_locality5testss_37test_parse_cpuset_string_mixed_format
FNDA:1,_RNvNtNtCsyULe2umut5_4pmix12cpu_locality5testss_41test_parse_cpuset_string_cleanup_on_error
FNDA:1,_RNvNtNtCsyULe2umut5_4pmix12cpu_locality5testss_42test_get_relative_locality_not_initialized
FNDA:8,_RNvMNtCsyULe2umut5_4pmix12cpu_localityNtB2_16PmixBindEnvelope6to_raw
FNDA:1,_RNvMs_NtCsyULe2umut5_4pmix12cpu_localityNtB4_12PmixLocality6to_raw
FNDA:1,_RNvMs_NtCsyULe2umut5_4pmix12cpu_localityNtB4_12PmixLocality8from_raw
FNDA:6,_RNvNtCsyULe2umut5_4pmix12cpu_locality10get_cpuset
FNDA:7,_RNvNtCsyULe2umut5_4pmix12cpu_locality19parse_cpuset_string
FNDA:4,_RNvNtCsyULe2umut5_4pmix12cpu_locality21get_relative_locality
FNDA:256,_RNCNvNtNtCsyULe2umut5_4pmix12cpu_locality5testss_36test_parse_cpuset_string_long_string0B7_
FNF:30
FNH:30
DA:47,8
DA:48,8
DA:49,8
DA:86,6
DA:87,6
DA:88,6
DA:90,6
DA:94,6
DA:97,6
DA:98,6
DA:99,6
DA:100,0
DA:102,0
DA:103,6
DA:145,7
DA:146,7
DA:147,6
DA:149,6
DA:153,6
DA:156,6
DA:157,6
DA:158,6
DA:159,0
DA:161,0
DA:162,7
DA:236,1
DA:237,1
DA:238,1
DA:241,1
DA:242,1
DA:243,1
DA:286,4
DA:287,4
DA:288,3
DA:290,2
DA:291,2
DA:296,2
DA:299,2
DA:300,2
DA:301,2
DA:302,0
DA:304,0
DA:305,4
DA:319,1
DA:320,1
DA:323,1
DA:326,1
DA:327,1
DA:331,1
DA:332,1
DA:333,1
DA:336,1
DA:337,1
DA:341,1
DA:342,1
DA:343,1
DA:344,1
DA:345,1
DA:349,1
DA:350,1
DA:351,1
DA:352,1
DA:353,1
DA:358,1
DA:359,1
DA:361,1
DA:362,1
DA:364,1
DA:365,1
DA:369,1
DA:370,1
DA:371,1
DA:372,1
DA:373,1
DA:377,1
DA:378,1
DA:379,1
DA:380,256
DA:381,1
DA:382,1
DA:383,1
DA:384,1
DA:385,1
DA:393,1
DA:394,1
DA:395,1
DA:398,1
DA:399,1
DA:403,1
DA:404,1
DA:405,1
DA:406,1
DA:407,1
DA:411,1
DA:412,1
DA:413,1
DA:415,1
DA:416,1
DA:419,1
DA:424,1
DA:425,1
DA:426,1
DA:428,1
DA:429,1
DA:433,1
DA:434,1
DA:435,1
DA:436,1
DA:438,1
DA:439,1
DA:440,1
DA:443,1
DA:447,1
DA:448,1
DA:449,1
DA:450,1
DA:454,1
DA:455,1
DA:456,1
DA:457,1
DA:458,1
DA:459,1
DA:470,1
DA:471,1
DA:472,1
DA:476,1
DA:477,1
DA:478,1
DA:479,1
DA:483,1
DA:484,1
DA:485,1
DA:486,1
DA:487,1
DA:488,1
DA:489,1
DA:490,1
DA:491,1
DA:492,1
DA:493,1
DA:494,1
DA:498,1
DA:499,1
DA:500,1
DA:501,1
DA:505,1
DA:506,1
DA:507,1
DA:508,1
DA:509,1
DA:510,1
DA:511,1
DA:515,1
DA:516,1
DA:517,1
DA:518,1
BRF:0
BRH:0
LF:160
LH:154
end_of_record
SF:/home/bzf/projects/pmix-rs/src/data_ops.rs
FN:1328,_RNvNtNtCsyULe2umut5_4pmix8data_ops5testss_14test_pdata_new
FN:1335,_RNvNtNtCsyULe2umut5_4pmix8data_ops5testss_15test_pdata_proc
FN:1371,_RNvNtNtCsyULe2umut5_4pmix8data_ops5testss_32test_fence_callback_trait_object
FN:1351,_RNvNtNtCsyULe2umut5_4pmix8data_ops5testss_33test_lookup_callback_trait_object
FN:1341,_RNvNtNtCsyULe2umut5_4pmix8data_ops5testss_34test_publish_callback_trait_object
FN:1381,_RNvNtNtCsyULe2umut5_4pmix8data_ops5testss_36test_get_value_callback_trait_object
FN:1361,_RNvNtNtCsyULe2umut5_4pmix8data_ops5testss_36test_unpublish_callback_trait_object
FN:1374,_RNvXNvNtNtCsyULe2umut5_4pmix8data_ops5testss_32test_fence_callback_trait_objectNtB2_10DummyFenceNtB6_13FenceCallback11on_complete
FN:1354,_RNvXNvNtNtCsyULe2umut5_4pmix8data_ops5testss_33test_lookup_callback_trait_objectNtB2_11DummyLookupNtB6_14LookupCallback9on_result
FN:1344,_RNvXNvNtNtCsyULe2umut5_4pmix8data_ops5testss_34test_publish_callback_trait_objectNtB2_12DummyPublishNtB6_15PublishCallback11on_complete
FN:1384,_RNvXNvNtNtCsyULe2umut5_4pmix8data_ops5testss_36test_get_value_callback_trait_objectNtB2_13DummyGetValueNtB6_16GetValueCallback9on_result
FN:1364,_RNvXNvNtNtCsyULe2umut5_4pmix8data_ops5testss_36test_unpublish_callback_trait_objectNtB2_14DummyUnpublishNtB6_17UnpublishCallback11on_complete
FN:466,_RNvMs_NtCsyULe2umut5_4pmix8data_opsNtB4_9PmixPdata3new
FN:469,_RNCNvMs_NtCsyULe2umut5_4pmix8data_opsNtB6_9PmixPdata3new0B8_
FN:627,_RNCNvNtCsyULe2umut5_4pmix8data_ops10LOOKUP_SEQ0B5_
FN:82,_RNCNvNtCsyULe2umut5_4pmix8data_ops11PUBLISH_SEQ0B5_
FN:202,_RNCNvNtCsyULe2umut5_4pmix8data_ops12GET_REGISTRY0B5_
FN:847,_RNCNvNtCsyULe2umut5_4pmix8data_ops13UNPUBLISH_SEQ0B5_
FN:1167,_RNCNvNtCsyULe2umut5_4pmix8data_ops14FENCE_REGISTRY0B5_
FN:624,_RNCNvNtCsyULe2umut5_4pmix8data_ops15LOOKUP_REGISTRY0B5_
FN:79,_RNCNvNtCsyULe2umut5_4pmix8data_ops16PUBLISH_REGISTRY0B5_
FN:844,_RNCNvNtCsyULe2umut5_4pmix8data_ops18UNPUBLISH_REGISTRY0B5_
FN:205,_RNCNvNtCsyULe2umut5_4pmix8data_ops7GET_SEQ0B5_
FN:1170,_RNCNvNtCsyULe2umut5_4pmix8data_ops9FENCE_SEQ0B5_
FN:689,_RNCNvNtCsyULe2umut5_4pmix8data_ops22lookup_callback_bridge0B5_
FN:575,_RNCNvNtCsyULe2umut5_4pmix8data_ops6lookup0B5_
FN:1278,_RNCNvNtCsyULe2umut5_4pmix8data_ops8fence_nb0B5_
FN:135,_RNvNtCsyULe2umut5_4pmix8data_ops10publish_nb
FN:994,_RNvNtCsyULe2umut5_4pmix8data_ops12unpublish_nb
FN:1118,_RNvNtCsyULe2umut5_4pmix8data_ops14store_internal
FN:1177,_RNvNtCsyULe2umut5_4pmix8data_ops21fence_callback_bridge
FN:634,_RNvNtCsyULe2umut5_4pmix8data_ops22lookup_callback_bridge
FN:89,_RNvNtCsyULe2umut5_4pmix8data_ops23publish_callback_bridge
FN:212,_RNvNtCsyULe2umut5_4pmix8data_ops25get_value_callback_bridge
FN:854,_RNvNtCsyULe2umut5_4pmix8data_ops25unpublish_callback_bridge
FN:377,_RNvNtCsyULe2umut5_4pmix8data_ops3get
FN:279,_RNvNtCsyULe2umut5_4pmix8data_ops6get_nb
FN:504,_RNvNtCsyULe2umut5_4pmix8data_ops6lookup
FN:45,_RNvNtCsyULe2umut5_4pmix8data_ops7publish
FN:1244,_RNvNtCsyULe2umut5_4pmix8data_ops8fence_nb
FN:747,_RNvNtCsyULe2umut5_4pmix8data_ops9lookup_nb
FN:905,_RNvNtCsyULe2umut5_4pmix8data_ops9unpublish
FN:453,_RNvXNtCsyULe2umut5_4pmix8data_opsNtB2_9PmixPdataNtNtCs27Vx93FoQ6z_4core3fmt5Debug3fmt
FNDA:1,_RNvNtNtCsyULe2umut5_4pmix8data_ops5testss_14test_pdata_new
FNDA:1,_RNvNtNtCsyULe2umut5_4pmix8data_ops5testss_15test_pdata_proc
FNDA:1,_RNvNtNtCsyULe2umut5_4pmix8data_ops5testss_32test_fence_callback_trait_object
FNDA:1,_RNvNtNtCsyULe2umut5_4pmix8data_ops5testss_33test_lookup_callback_trait_object
FNDA:1,_RNvNtNtCsyULe2umut5_4pmix8data_ops5testss_34test_publish_callback_trait_object
FNDA:1,_RNvNtNtCsyULe2umut5_4pmix8data_ops5testss_36test_get_value_callback_trait_object
FNDA:1,_RNvNtNtCsyULe2umut5_4pmix8data_ops5testss_36test_unpublish_callback_trait_object
FNDA:0,_RNvXNvNtNtCsyULe2umut5_4pmix8data_ops5testss_32test_fence_callback_trait_objectNtB2_10DummyFenceNtB6_13FenceCallback11on_complete
FNDA:0,_RNvXNvNtNtCsyULe2umut5_4pmix8data_ops5testss_33test_lookup_callback_trait_objectNtB2_11DummyLookupNtB6_14LookupCallback9on_result
FNDA:0,_RNvXNvNtNtCsyULe2umut5_4pmix8data_ops5testss_34test_publish_callback_trait_objectNtB2_12DummyPublishNtB6_15PublishCallback11on_complete
FNDA:0,_RNvXNvNtNtCsyULe2umut5_4pmix8data_ops5testss_36test_get_value_callback_trait_objectNtB2_13DummyGetValueNtB6_16GetValueCallback9on_result
FNDA:0,_RNvXNvNtNtCsyULe2umut5_4pmix8data_ops5testss_36test_unpublish_callback_trait_objectNtB2_14DummyUnpublishNtB6_17UnpublishCallback11on_complete
FNDA:2,_RNvMs_NtCsyULe2umut5_4pmix8data_opsNtB4_9PmixPdata3new
FNDA:0,_RNCNvMs_NtCsyULe2umut5_4pmix8data_opsNtB6_9PmixPdata3new0B8_
FNDA:0,_RNCNvNtCsyULe2umut5_4pmix8data_ops10LOOKUP_SEQ0B5_
FNDA:0,_RNCNvNtCsyULe2umut5_4pmix8data_ops11PUBLISH_SEQ0B5_
FNDA:0,_RNCNvNtCsyULe2umut5_4pmix8data_ops12GET_REGISTRY0B5_
FNDA:0,_RNCNvNtCsyULe2umut5_4pmix8data_ops13UNPUBLISH_SEQ0B5_
FNDA:0,_RNCNvNtCsyULe2umut5_4pmix8data_ops14FENCE_REGISTRY0B5_
FNDA:0,_RNCNvNtCsyULe2umut5_4pmix8data_ops15LOOKUP_REGISTRY0B5_
FNDA:0,_RNCNvNtCsyULe2umut5_4pmix8data_ops16PUBLISH_REGISTRY0B5_
FNDA:0,_RNCNvNtCsyULe2umut5_4pmix8data_ops18UNPUBLISH_REGISTRY0B5_
FNDA:0,_RNCNvNtCsyULe2umut5_4pmix8data_ops7GET_SEQ0B5_
FNDA:0,_RNCNvNtCsyULe2umut5_4pmix8data_ops9FENCE_SEQ0B5_
FNDA:0,_RNCNvNtCsyULe2umut5_4pmix8data_ops22lookup_callback_bridge0B5_
FNDA:0,_RNCNvNtCsyULe2umut5_4pmix8data_ops6lookup0B5_
FNDA:0,_RNCNvNtCsyULe2umut5_4pmix8data_ops8fence_nb0B5_
FNDA:0,_RNvNtCsyULe2umut5_4pmix8data_ops10publish_nb
FNDA:0,_RNvNtCsyULe2umut5_4pmix8data_ops12unpublish_nb
FNDA:0,_RNvNtCsyULe2umut5_4pmix8data_ops14store_internal
FNDA:0,_RNvNtCsyULe2umut5_4pmix8data_ops21fence_callback_bridge
FNDA:0,_RNvNtCsyULe2umut5_4pmix8data_ops22lookup_callback_bridge
FNDA:0,_RNvNtCsyULe2umut5_4pmix8data_ops23publish_callback_bridge
FNDA:0,_RNvNtCsyULe2umut5_4pmix8data_ops25get_value_callback_bridge
FNDA:0,_RNvNtCsyULe2umut5_4pmix8data_ops25unpublish_callback_bridge
FNDA:0,_RNvNtCsyULe2umut5_4pmix8data_ops3get
FNDA:0,_RNvNtCsyULe2umut5_4pmix8data_ops6get_nb
FNDA:0,_RNvNtCsyULe2umut5_4pmix8data_ops6lookup
FNDA:0,_RNvNtCsyULe2umut5_4pmix8data_ops7publish
FNDA:0,_RNvNtCsyULe2umut5_4pmix8data_ops8fence_nb
FNDA:0,_RNvNtCsyULe2umut5_4pmix8data_ops9lookup_nb
FNDA:0,_RNvNtCsyULe2umut5_4pmix8data_ops9unpublish
FNDA:0,_RNvXNtCsyULe2umut5_4pmix8data_opsNtB2_9PmixPdataNtNtCs27Vx93FoQ6z_4core3fmt5Debug3fmt
FNF:43
FNH:8
DA:45,0
DA:46,0
DA:47,0
DA:49,0
DA:52,0
DA:57,0
DA:60,0
DA:61,0
DA:62,0
DA:64,0
DA:66,0
DA:79,0
DA:82,0
DA:89,0
DA:90,0
DA:91,0
DA:92,0
DA:96,0
DA:99,0
DA:100,0
DA:101,0
DA:104,0
DA:105,0
DA:106,0
DA:110,0
DA:111,0
DA:112,0
DA:135,0
DA:137,0
DA:138,0
DA:139,0
DA:140,0
DA:142,0
DA:143,0
DA:144,0
DA:145,0
DA:150,0
DA:153,0
DA:154,0
DA:156,0
DA:160,0
DA:165,0
DA:168,0
DA:170,0
DA:172,0
DA:176,0
DA:177,0
DA:178,0
DA:180,0
DA:202,0
DA:205,0
DA:212,0
DA:213,0
DA:214,0
DA:215,0
DA:216,0
DA:217,0
DA:218,0
DA:219,0
DA:223,0
DA:226,0
DA:227,0
DA:228,0
DA:231,0
DA:232,0
DA:233,0
DA:237,0
DA:240,0
DA:244,0
DA:246,0
DA:247,0
DA:249,0
DA:253,0
DA:254,0
DA:279,0
DA:280,0
DA:281,0
DA:282,0
DA:283,0
DA:284,0
DA:286,0
DA:287,0
DA:288,0
DA:289,0
DA:291,0
DA:292,0
DA:293,0
DA:294,0
DA:299,0
DA:302,0
DA:303,0
DA:306,0
DA:307,0
DA:308,0
DA:312,0
DA:313,0
DA:314,0
DA:315,0
DA:317,0
DA:320,0
DA:324,0
DA:325,0
DA:326,0
DA:327,0
DA:328,0
DA:329,0
DA:330,0
DA:331,0
DA:335,0
DA:337,0
DA:339,0
DA:343,0
DA:344,0
DA:345,0
DA:347,0
DA:377,0
DA:379,0
DA:380,0
DA:383,0
DA:388,0
DA:389,0
DA:390,0
DA:391,0
DA:393,0
DA:396,0
DA:400,0
DA:401,0
DA:408,0
DA:409,0
DA:410,0
DA:411,0
DA:412,0
DA:413,0
DA:417,0
DA:419,0
DA:421,0
DA:426,0
DA:428,0
DA:430,0
DA:432,0
DA:453,0
DA:454,0
DA:455,0
DA:456,0
DA:457,0
DA:458,0
DA:466,2
DA:468,2
DA:469,2
DA:470,2
DA:471,2
DA:473,2
DA:504,0
DA:505,0
DA:506,0
DA:507,0
DA:508,0
DA:509,0
DA:510,0
DA:513,0
DA:514,0
DA:516,0
DA:517,0
DA:518,0
DA:519,0
DA:520,0
DA:521,0
DA:522,0
DA:523,0
DA:524,0
DA:525,0
DA:526,0
DA:527,0
DA:528,0
DA:529,0
DA:530,0
DA:531,0
DA:532,0
DA:533,0
DA:534,0
DA:535,0
DA:536,0
DA:537,0
DA:538,0
DA:539,0
DA:540,0
DA:541,0
DA:542,0
DA:543,0
DA:546,0
DA:547,0
DA:548,0
DA:552,0
DA:558,0
DA:561,0
DA:564,0
DA:565,0
DA:566,0
DA:569,0
DA:570,0
DA:571,0
DA:572,0
DA:574,0
DA:575,0
DA:578,0
DA:579,0
DA:581,0
DA:582,0
DA:584,0
DA:587,0
DA:591,0
DA:592,0
DA:593,0
DA:594,0
DA:595,0
DA:599,0
DA:602,0
DA:603,0
DA:605,0
DA:624,0
DA:627,0
DA:634,0
DA:635,0
DA:636,0
DA:637,0
DA:638,0
DA:639,0
DA:640,0
DA:641,0
DA:642,0
DA:645,0
DA:648,0
DA:649,0
DA:650,0
DA:652,0
DA:653,0
DA:656,0
DA:658,0
DA:659,0
DA:660,0
DA:661,0
DA:662,0
DA:663,0
DA:665,0
DA:666,0
DA:671,0
DA:673,0
DA:674,0
DA:676,0
DA:677,0
DA:678,0
DA:680,0
DA:681,0
DA:682,0
DA:683,0
DA:684,0
DA:685,0
DA:686,0
DA:688,0
DA:689,0
DA:692,0
DA:693,0
DA:694,0
DA:695,0
DA:697,0
DA:700,0
DA:701,0
DA:702,0
DA:703,0
DA:704,0
DA:708,0
DA:709,0
DA:710,0
DA:711,0
DA:713,0
DA:716,0
DA:717,0
DA:747,0
DA:748,0
DA:749,0
DA:750,0
DA:751,0
DA:752,0
DA:753,0
DA:754,0
DA:757,0
DA:758,0
DA:759,0
DA:760,0
DA:762,0
DA:763,0
DA:764,0
DA:765,0
DA:768,0
DA:771,0
DA:772,0
DA:774,0
DA:775,0
DA:776,0
DA:777,0
DA:778,0
DA:781,0
DA:782,0
DA:783,0
DA:787,0
DA:788,0
DA:789,0
DA:791,0
DA:794,0
DA:795,0
DA:796,0
DA:800,0
DA:806,0
DA:807,0
DA:808,0
DA:809,0
DA:810,0
DA:811,0
DA:815,0
DA:817,0
DA:819,0
DA:823,0
DA:824,0
DA:825,0
DA:827,0
DA:844,0
DA:847,0
DA:854,0
DA:855,0
DA:856,0
DA:857,0
DA:861,0
DA:864,0
DA:865,0
DA:866,0
DA:869,0
DA:870,0
DA:871,0
DA:875,0
DA:876,0
DA:877,0
DA:905,0
DA:907,0
DA:908,0
DA:910,0
DA:911,0
DA:912,0
DA:914,0
DA:915,0
DA:916,0
DA:917,0
DA:918,0
DA:921,0
DA:925,0
DA:926,0
DA:927,0
DA:929,0
DA:934,0
DA:936,0
DA:940,0
DA:941,0
DA:942,0
DA:946,0
DA:952,0
DA:955,0
DA:956,0
DA:957,0
DA:959,0
DA:961,0
DA:994,0
DA:995,0
DA:996,0
DA:997,0
DA:998,0
DA:1000,0
DA:1001,0
DA:1002,0
DA:1003,0
DA:1005,0
DA:1006,0
DA:1007,0
DA:1008,0
DA:1011,0
DA:1014,0
DA:1015,0
DA:1017,0
DA:1018,0
DA:1019,0
DA:1021,0
DA:1022,0
DA:1023,0
DA:1024,0
DA:1025,0
DA:1028,0
DA:1029,0
DA:1030,0
DA:1034,0
DA:1035,0
DA:1036,0
DA:1038,0
DA:1042,0
DA:1044,0
DA:1048,0
DA:1049,0
DA:1050,0
DA:1054,0
DA:1062,0
DA:1063,0
DA:1064,0
DA:1065,0
DA:1066,0
DA:1067,0
DA:1071,0
DA:1073,0
DA:1075,0
DA:1079,0
DA:1080,0
DA:1081,0
DA:1083,0
DA:1118,0
DA:1120,0
DA:1121,0
DA:1123,0
DA:1128,0
DA:1137,0
DA:1138,0
DA:1139,0
DA:1140,0
DA:1144,0
DA:1145,0
DA:1146,0
DA:1148,0
DA:1150,0
DA:1167,0
DA:1170,0
DA:1177,0
DA:1178,0
DA:1179,0
DA:1180,0
DA:1184,0
DA:1187,0
DA:1188,0
DA:1189,0
DA:1192,0
DA:1193,0
DA:1194,0
DA:1198,0
DA:1199,0
DA:1200,0
DA:1244,0
DA:1245,0
DA:1246,0
DA:1247,0
DA:1248,0
DA:1250,0
DA:1251,0
DA:1252,0
DA:1253,0
DA:1255,0
DA:1256,0
DA:1257,0
DA:1258,0
DA:1263,0
DA:1266,0
DA:1267,0
DA:1277,0
DA:1278,0
DA:1279,0
DA:1283,0
DA:1284,0
DA:1285,0
DA:1289,0
DA:1299,0
DA:1300,0
DA:1301,0
DA:1302,0
DA:1303,0
DA:1304,0
DA:1305,0
DA:1309,0
DA:1311,0
DA:1313,0
DA:1317,0
DA:1318,0
DA:1319,0
DA:1321,0
DA:1328,1
DA:1329,1
DA:1330,1
DA:1331,1
DA:1332,1
DA:1335,1
DA:1336,1
DA:1337,1
DA:1338,1
DA:1341,1
DA:1344,0
DA:1346,1
DA:1347,1
DA:1348,1
DA:1351,1
DA:1354,0
DA:1356,1
DA:1357,1
DA:1358,1
DA:1361,1
DA:1364,0
DA:1366,1
DA:1367,1
DA:1368,1
DA:1371,1
DA:1374,0
DA:1376,1
DA:1377,1
DA:1378,1
DA:1381,1
DA:1384,0
DA:1386,1
DA:1387,1
DA:1388,1
BRF:0
BRH:0
LF:524
LH:35
end_of_record
SF:/home/bzf/projects/pmix-rs/src/data_serialization.rs
FN:71,_RNvMNtCsyULe2umut5_4pmix18data_serializationNtB2_11PmixProcRef3new
FN:217,_RNvMs3_NtCsyULe2umut5_4pmix18data_serializationNtB5_14PmixDataBuffer10as_mut_ptr
FN:236,_RNvMs3_NtCsyULe2umut5_4pmix18data_serializationNtB5_14PmixDataBuffer10bytes_used
FN:227,_RNvMs3_NtCsyULe2umut5_4pmix18data_serializationNtB5_14PmixDataBuffer15bytes_allocated
FN:251,_RNvMs3_NtCsyULe2umut5_4pmix18data_serializationNtB5_14PmixDataBuffer8from_raw
FN:222,_RNvMs3_NtCsyULe2umut5_4pmix18data_serializationNtB5_14PmixDataBuffer8is_valid
FN:109,_RNvMs_NtCsyULe2umut5_4pmix18data_serializationNtB4_14PmixByteObject3new
FN:131,_RNvMs_NtCsyULe2umut5_4pmix18data_serializationNtB4_14PmixByteObject4size
FN:119,_RNvMs_NtCsyULe2umut5_4pmix18data_serializationNtB4_14PmixByteObject8as_slice
FN:136,_RNvMs_NtCsyULe2umut5_4pmix18data_serializationNtB4_14PmixByteObject8is_empty
FN:1031,_RNvNtCsyULe2umut5_4pmix18data_serialization13data_compress
FN:1117,_RNvNtCsyULe2umut5_4pmix18data_serialization15data_decompress
FN:308,_RNvNtCsyULe2umut5_4pmix18data_serialization18data_buffer_create
FN:268,_RNvXs5_NtCsyULe2umut5_4pmix18data_serializationNtB5_14PmixDataBufferNtNtCs27Vx93FoQ6z_4core3fmt5Debug3fmt
FN:177,_RNvXs2_NtCsyULe2umut5_4pmix18data_serializationNtB5_14PmixByteObjectNtNtNtCs27Vx93FoQ6z_4core3ops4drop4Drop4drop
FN:257,_RNvXs4_NtCsyULe2umut5_4pmix18data_serializationNtB5_14PmixDataBufferNtNtNtCs27Vx93FoQ6z_4core3ops4drop4Drop4drop
FN:780,_RINvNtCsyULe2umut5_4pmix18data_serialization10data_printpEB4_
FN:495,_RINvNtCsyULe2umut5_4pmix18data_serialization11data_unpackpEB4_
FN:667,_RINvNtCsyULe2umut5_4pmix18data_serialization9data_copypEB4_
FN:396,_RINvNtCsyULe2umut5_4pmix18data_serialization9data_packpEB4_
FN:790,_RNCINvNtCsyULe2umut5_4pmix18data_serialization10data_printpE0B6_
FN:83,_RNCNvMNtCsyULe2umut5_4pmix18data_serializationNtB4_11PmixProcRef6to_raw0B6_
FN:75,_RNvMNtCsyULe2umut5_4pmix18data_serializationNtB2_11PmixProcRef6to_raw
FN:872,_RNvMs6_NtCsyULe2umut5_4pmix18data_serializationNtB5_15PmixPrintOutput6as_str
FN:851,_RNvMs6_NtCsyULe2umut5_4pmix18data_serializationNtB5_15PmixPrintOutput8from_raw
FN:141,_RNvMs_NtCsyULe2umut5_4pmix18data_serializationNtB4_14PmixByteObject10as_mut_ptr
FN:957,_RNvNtCsyULe2umut5_4pmix18data_serialization10data_embed
FN:568,_RNvNtCsyULe2umut5_4pmix18data_serialization11data_unload
FN:713,_RNvNtCsyULe2umut5_4pmix18data_serialization17data_copy_payload
FN:336,_RNvNtCsyULe2umut5_4pmix18data_serialization19data_buffer_release
FN:619,_RNvNtCsyULe2umut5_4pmix18data_serialization9data_load
FN:147,_RNvXs0_NtCsyULe2umut5_4pmix18data_serializationNtB5_14PmixByteObjectNtNtCs27Vx93FoQ6z_4core7default7Default7default
FN:153,_RNvXs1_NtCsyULe2umut5_4pmix18data_serializationNtB5_14PmixByteObjectINtNtCs27Vx93FoQ6z_4core7convert4FromINtNtCsgW8esjfipvk_5alloc3vec3VechEE4from
FN:880,_RNvXs7_NtCsyULe2umut5_4pmix18data_serializationNtB5_15PmixPrintOutputNtNtNtCs27Vx93FoQ6z_4core3ops5deref5Deref5deref
FN:886,_RNvXs8_NtCsyULe2umut5_4pmix18data_serializationNtB5_15PmixPrintOutputNtNtCs27Vx93FoQ6z_4core3fmt7Display3fmt
FN:892,_RNvXs9_NtCsyULe2umut5_4pmix18data_serializationNtB5_15PmixPrintOutputNtNtCs27Vx93FoQ6z_4core3fmt5Debug3fmt
FN:898,_RNvXsa_NtCsyULe2umut5_4pmix18data_serializationNtNtCsgW8esjfipvk_5alloc6string6StringINtNtCs27Vx93FoQ6z_4core7convert4FromNtB5_15PmixPrintOutputE4from
FN:1176,_RNvNtNtCsyULe2umut5_4pmix18data_serialization5testss_17test_proc_ref_new
FN:1161,_RNvNtNtCsyULe2umut5_4pmix18data_serialization5testss_20test_byte_object_new
FN:1169,_RNvNtNtCsyULe2umut5_4pmix18data_serialization5testss_22test_byte_object_debug
FN:1215,_RNvNtNtCsyULe2umut5_4pmix18data_serialization5testss_23test_data_buffer_create
FN:1197,_RNvNtNtCsyULe2umut5_4pmix18data_serialization5testss_24test_data_compress_empty
FN:1181,_RNvNtNtCsyULe2umut5_4pmix18data_serialization5testss_27test_data_buffer_debug_null
FN:1189,_RNvNtNtCsyULe2umut5_4pmix18data_serialization5testss_30test_data_buffer_bytes_on_null
FN:1205,_RNvNtNtCsyULe2umut5_4pmix18data_serialization5testss_39test_data_compress_decompress_roundtrip
FNDA:1,_RNvMNtCsyULe2umut5_4pmix18data_serializationNtB2_11PmixProcRef3new
FNDA:1,_RNvMs3_NtCsyULe2umut5_4pmix18data_serializationNtB5_14PmixDataBuffer10as_mut_ptr
FNDA:2,_RNvMs3_NtCsyULe2umut5_4pmix18data_serializationNtB5_14PmixDataBuffer10bytes_used
FNDA:2,_RNvMs3_NtCsyULe2umut5_4pmix18data_serializationNtB5_14PmixDataBuffer15bytes_allocated
FNDA:2,_RNvMs3_NtCsyULe2umut5_4pmix18data_serializationNtB5_14PmixDataBuffer8from_raw
FNDA:2,_RNvMs3_NtCsyULe2umut5_4pmix18data_serializationNtB5_14PmixDataBuffer8is_valid
FNDA:2,_RNvMs_NtCsyULe2umut5_4pmix18data_serializationNtB4_14PmixByteObject3new
FNDA:1,_RNvMs_NtCsyULe2umut5_4pmix18data_serializationNtB4_14PmixByteObject4size
FNDA:1,_RNvMs_NtCsyULe2umut5_4pmix18data_serializationNtB4_14PmixByteObject8as_slice
FNDA:1,_RNvMs_NtCsyULe2umut5_4pmix18data_serializationNtB4_14PmixByteObject8is_empty
FNDA:2,_RNvNtCsyULe2umut5_4pmix18data_serialization13data_compress
FNDA:0,_RNvNtCsyULe2umut5_4pmix18data_serialization15data_decompress
FNDA:1,_RNvNtCsyULe2umut5_4pmix18data_serialization18data_buffer_create
FNDA:1,_RNvXs5_NtCsyULe2umut5_4pmix18data_serializationNtB5_14PmixDataBufferNtNtCs27Vx93FoQ6z_4core3fmt5Debug3fmt
FNDA:2,_RNvXs2_NtCsyULe2umut5_4pmix18data_serializationNtB5_14PmixByteObjectNtNtNtCs27Vx93FoQ6z_4core3ops4drop4Drop4drop
FNDA:3,_RNvXs4_NtCsyULe2umut5_4pmix18data_serializationNtB5_14PmixDataBufferNtNtNtCs27Vx93FoQ6z_4core3ops4drop4Drop4drop
FNDA:0,_RINvNtCsyULe2umut5_4pmix18data_serialization10data_printpEB4_
FNDA:0,_RINvNtCsyULe2umut5_4pmix18data_serialization11data_unpackpEB4_
FNDA:0,_RINvNtCsyULe2umut5_4pmix18data_serialization9data_copypEB4_
FNDA:0,_RINvNtCsyULe2umut5_4pmix18data_serialization9data_packpEB4_
FNDA:0,_RNCINvNtCsyULe2umut5_4pmix18data_serialization10data_printpE0B6_
FNDA:0,_RNCNvMNtCsyULe2umut5_4pmix18data_serializationNtB4_11PmixProcRef6to_raw0B6_
FNDA:0,_RNvMNtCsyULe2umut5_4pmix18data_serializationNtB2_11PmixProcRef6to_raw
FNDA:0,_RNvMs6_NtCsyULe2umut5_4pmix18data_serializationNtB5_15PmixPrintOutput6as_str
FNDA:0,_RNvMs6_NtCsyULe2umut5_4pmix18data_serializationNtB5_15PmixPrintOutput8from_raw
FNDA:0,_RNvMs_NtCsyULe2umut5_4pmix18data_serializationNtB4_14PmixByteObject10as_mut_ptr
FNDA:0,_RNvNtCsyULe2umut5_4pmix18data_serialization10data_embed
FNDA:0,_RNvNtCsyULe2umut5_4pmix18data_serialization11data_unload
FNDA:0,_RNvNtCsyULe2umut5_4pmix18data_serialization17data_copy_payload
FNDA:0,_RNvNtCsyULe2umut5_4pmix18data_serialization19data_buffer_release
FNDA:0,_RNvNtCsyULe2umut5_4pmix18data_serialization9data_load
FNDA:0,_RNvXs0_NtCsyULe2umut5_4pmix18data_serializationNtB5_14PmixByteObjectNtNtCs27Vx93FoQ6z_4core7default7Default7default
FNDA:0,_RNvXs1_NtCsyULe2umut5_4pmix18data_serializationNtB5_14PmixByteObjectINtNtCs27Vx93FoQ6z_4core7convert4FromINtNtCsgW8esjfipvk_5alloc3vec3VechEE4from
FNDA:0,_RNvXs7_NtCsyULe2umut5_4pmix18data_serializationNtB5_15PmixPrintOutputNtNtNtCs27Vx93FoQ6z_4core3ops5deref5Deref5deref
FNDA:0,_RNvXs8_NtCsyULe2umut5_4pmix18data_serializationNtB5_15PmixPrintOutputNtNtCs27Vx93FoQ6z_4core3fmt7Display3fmt
FNDA:0,_RNvXs9_NtCsyULe2umut5_4pmix18data_serializationNtB5_15PmixPrintOutputNtNtCs27Vx93FoQ6z_4core3fmt5Debug3fmt
FNDA:0,_RNvXsa_NtCsyULe2umut5_4pmix18data_serializationNtNtCsgW8esjfipvk_5alloc6string6StringINtNtCs27Vx93FoQ6z_4core7convert4FromNtB5_15PmixPrintOutputE4from
FNDA:1,_RNvNtNtCsyULe2umut5_4pmix18data_serialization5testss_17test_proc_ref_new
FNDA:1,_RNvNtNtCsyULe2umut5_4pmix18data_serialization5testss_20test_byte_object_new
FNDA:1,_RNvNtNtCsyULe2umut5_4pmix18data_serialization5testss_22test_byte_object_debug
FNDA:1,_RNvNtNtCsyULe2umut5_4pmix18data_serialization5testss_23test_data_buffer_create
FNDA:1,_RNvNtNtCsyULe2umut5_4pmix18data_serialization5testss_24test_data_compress_empty
FNDA:1,_RNvNtNtCsyULe2umut5_4pmix18data_serialization5testss_27test_data_buffer_debug_null
FNDA:1,_RNvNtNtCsyULe2umut5_4pmix18data_serialization5testss_30test_data_buffer_bytes_on_null
FNDA:1,_RNvNtNtCsyULe2umut5_4pmix18data_serialization5testss_39test_data_compress_decompress_roundtrip
FNF:45
FNH:23
DA:71,1
DA:72,1
DA:73,1
DA:75,0
DA:76,0
DA:77,0
DA:79,0
DA:80,0
DA:81,0
DA:82,0
DA:83,0
DA:84,0
DA:85,0
DA:86,0
DA:87,0
DA:88,0
DA:109,2
DA:110,2
DA:111,2
DA:112,2
DA:113,2
DA:114,2
DA:115,2
DA:116,2
DA:119,1
DA:120,1
DA:121,1
DA:126,0
DA:128,1
DA:131,1
DA:132,1
DA:133,1
DA:136,1
DA:137,1
DA:138,1
DA:141,0
DA:142,0
DA:143,0
DA:147,0
DA:148,0
DA:149,0
DA:153,0
DA:154,0
DA:155,0
DA:156,0
DA:157,0
DA:160,0
DA:161,0
DA:162,0
DA:163,0
DA:164,0
DA:165,0
DA:166,0
DA:167,0
DA:168,0
DA:169,0
DA:170,0
DA:171,0
DA:172,0
DA:173,0
DA:177,2
DA:181,2
DA:182,2
DA:217,1
DA:218,1
DA:219,1
DA:222,2
DA:223,2
DA:224,2
DA:227,2
DA:228,2
DA:229,1
DA:230,1
DA:232,1
DA:233,2
DA:236,2
DA:237,2
DA:238,1
DA:239,1
DA:241,1
DA:242,2
DA:251,2
DA:252,2
DA:253,2
DA:257,3
DA:258,3
DA:259,1
DA:260,1
DA:261,1
DA:262,1
DA:263,2
DA:264,3
DA:268,1
DA:269,1
DA:270,1
DA:271,1
DA:272,1
DA:274,0
DA:275,0
DA:276,0
DA:277,0
DA:278,0
DA:280,1
DA:308,1
DA:311,1
DA:312,1
DA:313,0
DA:314,1
DA:315,1
DA:316,1
DA:336,0
DA:337,0
DA:338,0
DA:339,0
DA:340,0
DA:341,0
DA:342,0
DA:343,0
DA:396,0
DA:397,0
DA:398,0
DA:399,0
DA:400,0
DA:401,0
DA:402,0
DA:403,0
DA:404,0
DA:405,0
DA:407,0
DA:408,0
DA:412,0
DA:414,0
DA:423,0
DA:424,0
DA:425,0
DA:426,0
DA:427,0
DA:428,0
DA:429,0
DA:433,0
DA:434,0
DA:435,0
DA:437,0
DA:439,0
DA:495,0
DA:496,0
DA:497,0
DA:498,0
DA:499,0
DA:500,0
DA:501,0
DA:502,0
DA:503,0
DA:504,0
DA:506,0
DA:515,0
DA:516,0
DA:517,0
DA:518,0
DA:519,0
DA:520,0
DA:521,0
DA:525,0
DA:526,0
DA:527,0
DA:529,0
DA:531,0
DA:568,0
DA:569,0
DA:575,0
DA:577,0
DA:578,0
DA:579,0
DA:582,0
DA:584,0
DA:619,0
DA:624,0
DA:625,0
DA:626,0
DA:627,0
DA:631,0
DA:632,0
DA:633,0
DA:635,0
DA:637,0
DA:667,0
DA:668,0
DA:669,0
DA:670,0
DA:671,0
DA:676,0
DA:677,0
DA:678,0
DA:679,0
DA:680,0
DA:684,0
DA:685,0
DA:686,0
DA:688,0
DA:690,0
DA:713,0
DA:716,0
DA:718,0
DA:719,0
DA:720,0
DA:722,0
DA:724,0
DA:780,0
DA:781,0
DA:782,0
DA:783,0
DA:784,0
DA:785,0
DA:788,0
DA:789,0
DA:790,0
DA:792,0
DA:793,0
DA:794,0
DA:796,0
DA:804,0
DA:805,0
DA:806,0
DA:807,0
DA:808,0
DA:809,0
DA:814,0
DA:817,0
DA:818,0
DA:819,0
DA:820,0
DA:822,0
DA:823,0
DA:827,0
DA:829,0
DA:831,0
DA:851,0
DA:852,0
DA:853,0
DA:854,0
DA:855,0
DA:856,0
DA:859,0
DA:860,0
DA:861,0
DA:865,0
DA:866,0
DA:867,0
DA:868,0
DA:869,0
DA:872,0
DA:873,0
DA:874,0
DA:880,0
DA:881,0
DA:882,0
DA:886,0
DA:887,0
DA:888,0
DA:892,0
DA:893,0
DA:894,0
DA:898,0
DA:899,0
DA:900,0
DA:957,0
DA:958,0
DA:959,0
DA:960,0
DA:963,0
DA:964,0
DA:965,0
DA:973,0
DA:974,0
DA:975,0
DA:976,0
DA:980,0
DA:981,0
DA:982,0
DA:984,0
DA:986,0
DA:1031,2
DA:1032,2
DA:1033,1
DA:1034,1
DA:1036,1
DA:1037,1
DA:1043,1
DA:1044,1
DA:1047,1
DA:1050,1
DA:1053,0
DA:1055,0
DA:1056,0
DA:1059,1
DA:1061,0
DA:1065,0
DA:1066,0
DA:1067,0
DA:1068,0
DA:1070,2
DA:1117,0
DA:1118,0
DA:1119,0
DA:1120,0
DA:1122,0
DA:1123,0
DA:1131,0
DA:1132,0
DA:1135,0
DA:1136,0
DA:1139,0
DA:1141,0
DA:1142,0
DA:1144,0
DA:1146,0
DA:1149,0
DA:1150,0
DA:1151,0
DA:1152,0
DA:1154,0
DA:1161,1
DA:1162,1
DA:1163,1
DA:1164,1
DA:1165,1
DA:1166,1
DA:1169,1
DA:1170,1
DA:1171,1
DA:1172,1
DA:1173,1
DA:1176,1
DA:1177,1
DA:1178,1
DA:1181,1
DA:1182,1
DA:1183,1
DA:1184,1
DA:1185,1
DA:1186,1
DA:1189,1
DA:1190,1
DA:1191,1
DA:1192,1
DA:1193,1
DA:1194,1
DA:1197,1
DA:1198,1
DA:1199,0
DA:1200,1
DA:1201,1
DA:1205,1
DA:1206,1
DA:1207,1
DA:1208,0
DA:1209,0
DA:1210,0
DA:1211,1
DA:1212,1
DA:1215,1
DA:1216,1
DA:1217,1
DA:1218,1
DA:1219,1
DA:1220,0
DA:1221,1
BRF:0
BRH:0
LF:369
LH:118
end_of_record
SF:/home/bzf/projects/pmix-rs/src/events.rs
FN:552,_RNvNtNtCsyULe2umut5_4pmix6events5testss_18test_op_cb_fn_none
FN:546,_RNvNtNtCsyULe2umut5_4pmix6events5testss_25test_notification_fn_none
FN:540,_RNvNtNtCsyULe2umut5_4pmix6events5testss_27test_event_handler_ref_type
FN:456,_RNvNtCsyULe2umut5_4pmix6events12notify_event
FN:503,_RNvNtCsyULe2umut5_4pmix6events15notify_event_nb
FN:144,_RNvNtCsyULe2umut5_4pmix6events19notification_bridge
FN:177,_RNvNtCsyULe2umut5_4pmix6events20wrap_notification_fn
FN:226,_RNvNtCsyULe2umut5_4pmix6events22register_event_handler
FN:376,_RNvNtCsyULe2umut5_4pmix6events24deregister_event_handler
FN:306,_RNvNtCsyULe2umut5_4pmix6events25register_event_handler_nb
FN:406,_RNvNtCsyULe2umut5_4pmix6events27deregister_event_handler_nb
FNDA:1,_RNvNtNtCsyULe2umut5_4pmix6events5testss_18test_op_cb_fn_none
FNDA:1,_RNvNtNtCsyULe2umut5_4pmix6events5testss_25test_notification_fn_none
FNDA:1,_RNvNtNtCsyULe2umut5_4pmix6events5testss_27test_event_handler_ref_type
FNDA:0,_RNvNtCsyULe2umut5_4pmix6events12notify_event
FNDA:0,_RNvNtCsyULe2umut5_4pmix6events15notify_event_nb
FNDA:0,_RNvNtCsyULe2umut5_4pmix6events19notification_bridge
FNDA:0,_RNvNtCsyULe2umut5_4pmix6events20wrap_notification_fn
FNDA:0,_RNvNtCsyULe2umut5_4pmix6events22register_event_handler
FNDA:0,_RNvNtCsyULe2umut5_4pmix6events24deregister_event_handler
FNDA:0,_RNvNtCsyULe2umut5_4pmix6events25register_event_handler_nb
FNDA:0,_RNvNtCsyULe2umut5_4pmix6events27deregister_event_handler_nb
FNF:11
FNH:3
DA:144,0
DA:145,0
DA:146,0
DA:147,0
DA:148,0
DA:149,0
DA:150,0
DA:151,0
DA:152,0
DA:153,0
DA:154,0
DA:159,0
DA:160,0
DA:161,0
DA:162,0
DA:163,0
DA:164,0
DA:165,0
DA:166,0
DA:167,0
DA:168,0
DA:169,0
DA:170,0
DA:171,0
DA:173,0
DA:177,0
DA:178,0
DA:180,0
DA:181,0
DA:182,0
DA:183,0
DA:184,0
DA:186,0
DA:188,0
DA:226,0
DA:227,0
DA:228,0
DA:229,0
DA:230,0
DA:231,0
DA:232,0
DA:233,0
DA:237,0
DA:240,0
DA:241,0
DA:243,0
DA:246,0
DA:252,0
DA:253,0
DA:254,0
DA:255,0
DA:256,0
DA:257,0
DA:258,0
DA:259,0
DA:260,0
DA:269,0
DA:270,0
DA:271,0
DA:272,0
DA:273,0
DA:274,0
DA:275,0
DA:276,0
DA:277,0
DA:279,0
DA:280,0
DA:281,0
DA:283,0
DA:285,0
DA:306,0
DA:307,0
DA:308,0
DA:309,0
DA:310,0
DA:311,0
DA:312,0
DA:313,0
DA:314,0
DA:316,0
DA:319,0
DA:320,0
DA:322,0
DA:325,0
DA:331,0
DA:332,0
DA:333,0
DA:334,0
DA:335,0
DA:336,0
DA:337,0
DA:338,0
DA:339,0
DA:343,0
DA:344,0
DA:345,0
DA:347,0
DA:349,0
DA:376,0
DA:377,0
DA:378,0
DA:379,0
DA:382,0
DA:383,0
DA:385,0
DA:386,0
DA:387,0
DA:389,0
DA:391,0
DA:406,0
DA:407,0
DA:408,0
DA:409,0
DA:410,0
DA:413,0
DA:415,0
DA:416,0
DA:417,0
DA:419,0
DA:421,0
DA:456,0
DA:457,0
DA:458,0
DA:459,0
DA:460,0
DA:461,0
DA:462,0
DA:463,0
DA:465,0
DA:471,0
DA:472,0
DA:473,0
DA:474,0
DA:475,0
DA:476,0
DA:477,0
DA:478,0
DA:479,0
DA:483,0
DA:484,0
DA:485,0
DA:503,0
DA:504,0
DA:505,0
DA:506,0
DA:507,0
DA:508,0
DA:509,0
DA:510,0
DA:511,0
DA:512,0
DA:514,0
DA:519,0
DA:520,0
DA:521,0
DA:522,0
DA:523,0
DA:524,0
DA:525,0
DA:526,0
DA:527,0
DA:531,0
DA:532,0
DA:533,0
DA:540,1
DA:541,1
DA:542,1
DA:543,1
DA:546,1
DA:547,1
DA:548,1
DA:549,1
DA:552,1
DA:553,1
DA:554,1
DA:555,1
BRF:0
BRH:0
LF:176
LH:12
end_of_record
SF:/home/bzf/projects/pmix-rs/src/fabric.rs
FN:1159,_RNvNtNtCsyULe2umut5_4pmix6fabric5testss_17test_fabric_debug
FN:1266,_RNvNtNtCsyULe2umut5_4pmix6fabric5testss_21test_fabric_lifecycle
FN:1126,_RNvNtNtCsyULe2umut5_4pmix6fabric5testss_22test_fabric_new_unamed
FN:1152,_RNvNtNtCsyULe2umut5_4pmix6fabric5testss_24test_fabric_new_nul_name
FN:1413,_RNvNtNtCsyULe2umut5_4pmix6fabric5testss_25test_device_distance_uuid
FN:1144,_RNvNtNtCsyULe2umut5_4pmix6fabric5testss_25test_fabric_new_none_name
FN:1136,_RNvNtNtCsyULe2umut5_4pmix6fabric5testss_25test_fabric_new_with_name
FN:1252,_RNvNtNtCsyULe2umut5_4pmix6fabric5testss_26test_fabric_register_named
FN:1420,_RNvNtNtCsyULe2umut5_4pmix6fabric5testss_27test_device_distance_osname
FN:1508,_RNvNtNtCsyULe2umut5_4pmix6fabric5testss_27test_device_distances_debug
FN:1472,_RNvNtNtCsyULe2umut5_4pmix6fabric5testss_27test_device_distances_empty
FN:1441,_RNvNtNtCsyULe2umut5_4pmix6fabric5testss_28test_device_distance_maxdist
FN:1434,_RNvNtNtCsyULe2umut5_4pmix6fabric5testss_28test_device_distance_mindist
FN:1481,_RNvNtNtCsyULe2umut5_4pmix6fabric5testss_28test_device_distances_single
FN:1294,_RNvNtNtCsyULe2umut5_4pmix6fabric5testss_29test_fabric_double_deregister
FN:1459,_RNvNtNtCsyULe2umut5_4pmix6fabric5testss_30test_device_distance_all_types
FN:1492,_RNvNtNtCsyULe2umut5_4pmix6fabric5testss_30test_device_distances_multiple
FN:1343,_RNvNtNtCsyULe2umut5_4pmix6fabric5testss_30test_fabric_update_nb_compiles
FN:1427,_RNvNtNtCsyULe2umut5_4pmix6fabric5testss_32test_device_distance_device_type
FN:1316,_RNvNtNtCsyULe2umut5_4pmix6fabric5testss_32test_fabric_register_nb_compiles
FN:1198,_RNvNtNtCsyULe2umut5_4pmix6fabric5testss_33test_fabric_callback_trait_object
FN:1169,_RNvNtNtCsyULe2umut5_4pmix6fabric5testss_33test_fabric_update_not_registered
FN:1448,_RNvNtNtCsyULe2umut5_4pmix6fabric5testss_34test_device_distance_empty_strings
FN:1365,_RNvNtNtCsyULe2umut5_4pmix6fabric5testss_34test_fabric_deregister_nb_compiles
FN:1518,_RNvNtNtCsyULe2umut5_4pmix6fabric5testss_35test_device_distances_drop_null_raw
FN:1208,_RNvNtNtCsyULe2umut5_4pmix6fabric5testss_35test_fabric_callback_records_status
FN:1387,_RNvNtNtCsyULe2umut5_4pmix6fabric5testss_36test_fabric_update_nb_not_registered
FN:1183,_RNvNtNtCsyULe2umut5_4pmix6fabric5testss_37test_fabric_deregister_not_registered
FN:1239,_RNvNtNtCsyULe2umut5_4pmix6fabric5testss_37test_fabric_register_empty_directives
FN:1399,_RNvNtNtCsyULe2umut5_4pmix6fabric5testss_40test_fabric_deregister_nb_not_registered
FN:1201,_RNvXNvNtNtCsyULe2umut5_4pmix6fabric5testss_33test_fabric_callback_trait_objectNtB2_6TestCbNtB6_14FabricCallback11on_complete
FN:1215,_RNvXNvNtNtCsyULe2umut5_4pmix6fabric5testss_35test_fabric_callback_records_statusNtB2_11RecordingCbNtB6_14FabricCallback11on_complete
FN:1390,_RNvXNvNtNtCsyULe2umut5_4pmix6fabric5testss_36test_fabric_update_nb_not_registeredNtB2_4NbCbNtB6_14FabricCallback11on_complete
FN:1402,_RNvXNvNtNtCsyULe2umut5_4pmix6fabric5testss_40test_fabric_deregister_nb_not_registeredNtB2_4NbCbNtB6_14FabricCallback11on_complete
FN:644,_RNvMs2_NtCsyULe2umut5_4pmix6fabricNtB5_10PmixCpuset10as_mut_ptr
FN:619,_RNvMs2_NtCsyULe2umut5_4pmix6fabricNtB5_10PmixCpuset3new
FN:705,_RNvMs5_NtCsyULe2umut5_4pmix6fabricNtB5_18PmixDeviceDistance11device_type
FN:695,_RNvMs5_NtCsyULe2umut5_4pmix6fabricNtB5_18PmixDeviceDistance4uuid
FN:700,_RNvMs5_NtCsyULe2umut5_4pmix6fabricNtB5_18PmixDeviceDistance6osname
FN:715,_RNvMs5_NtCsyULe2umut5_4pmix6fabricNtB5_18PmixDeviceDistance7maxdist
FN:710,_RNvMs5_NtCsyULe2umut5_4pmix6fabricNtB5_18PmixDeviceDistance7mindist
FN:752,_RNvMs5_NtCsyULe2umut5_4pmix6fabricNtB5_18PmixDeviceDistance8test_new
FN:788,_RNvMs6_NtCsyULe2umut5_4pmix6fabricNtB5_15DeviceDistances3len
FN:793,_RNvMs6_NtCsyULe2umut5_4pmix6fabricNtB5_15DeviceDistances8is_empty
FN:801,_RNvMs6_NtCsyULe2umut5_4pmix6fabricNtB5_15DeviceDistances8test_new
FN:783,_RNvMs6_NtCsyULe2umut5_4pmix6fabricNtB5_15DeviceDistances9distances
FN:169,_RNvMs_NtCsyULe2umut5_4pmix6fabricNtB4_10PmixFabric10as_mut_ptr
FN:156,_RNvMs_NtCsyULe2umut5_4pmix6fabricNtB4_10PmixFabric13is_registered
FN:188,_RNvMs_NtCsyULe2umut5_4pmix6fabricNtB4_10PmixFabric13sync_from_raw
FN:118,_RNvMs_NtCsyULe2umut5_4pmix6fabricNtB4_10PmixFabric3new
FN:146,_RNvMs_NtCsyULe2umut5_4pmix6fabricNtB4_10PmixFabric4name
FN:151,_RNvMs_NtCsyULe2umut5_4pmix6fabricNtB4_10PmixFabric5index
FN:161,_RNvMs_NtCsyULe2umut5_4pmix6fabricNtB4_10PmixFabric5ninfo
FN:134,_RNvMs_NtCsyULe2umut5_4pmix6fabricNtB4_10PmixFabric6unamed
FN:361,_RNvNtCsyULe2umut5_4pmix6fabric13fabric_update
FN:245,_RNvNtCsyULe2umut5_4pmix6fabric15fabric_register
FN:383,_RNvNtCsyULe2umut5_4pmix6fabric16fabric_update_nb
FN:429,_RNvNtCsyULe2umut5_4pmix6fabric17fabric_deregister
FN:453,_RNvNtCsyULe2umut5_4pmix6fabric20fabric_deregister_nb
FN:394,_RNvNvNtCsyULe2umut5_4pmix6fabric16fabric_update_nb16fabric_update_cb
FN:464,_RNvNvNtCsyULe2umut5_4pmix6fabric20fabric_deregister_nb20fabric_deregister_cb
FN:97,_RNvXNtCsyULe2umut5_4pmix6fabricNtB2_10PmixFabricNtNtCs27Vx93FoQ6z_4core3fmt5Debug3fmt
FN:811,_RNvXs7_NtCsyULe2umut5_4pmix6fabricNtB5_15DeviceDistancesNtNtCs27Vx93FoQ6z_4core3fmt5Debug3fmt
FN:657,_RNvXs4_NtCsyULe2umut5_4pmix6fabricNtB5_10PmixCpusetNtNtNtCs27Vx93FoQ6z_4core3ops4drop4Drop4drop
FN:819,_RNvXs8_NtCsyULe2umut5_4pmix6fabricNtB5_15DeviceDistancesNtNtNtCs27Vx93FoQ6z_4core3ops4drop4Drop4drop
FN:543,_RNCNvMs0_NtCsyULe2umut5_4pmix6fabricNtB7_12PmixTopology6source0B9_
FN:996,_RNCNvNtCsyULe2umut5_4pmix6fabric17compute_distances0B5_
FN:1066,_RNCNvNvNtCsyULe2umut5_4pmix6fabric20compute_distances_nb20compute_distances_cb0B7_
FN:552,_RNvMs0_NtCsyULe2umut5_4pmix6fabricNtB5_12PmixTopology10as_mut_ptr
FN:566,_RNvMs0_NtCsyULe2umut5_4pmix6fabricNtB5_12PmixTopology13sync_from_raw
FN:518,_RNvMs0_NtCsyULe2umut5_4pmix6fabricNtB5_12PmixTopology3new
FN:542,_RNvMs0_NtCsyULe2umut5_4pmix6fabricNtB5_12PmixTopology6source
FN:532,_RNvMs0_NtCsyULe2umut5_4pmix6fabricNtB5_12PmixTopology6unamed
FN:576,_RNvMs0_NtCsyULe2umut5_4pmix6fabricNtB5_12PmixTopology8test_new
FN:547,_RNvMs0_NtCsyULe2umut5_4pmix6fabricNtB5_12PmixTopology9is_loaded
FN:636,_RNvMs2_NtCsyULe2umut5_4pmix6fabricNtB5_10PmixCpuset8test_new
FN:725,_RNvMs5_NtCsyULe2umut5_4pmix6fabricNtB5_18PmixDeviceDistance8from_raw
FN:900,_RNvNtCsyULe2umut5_4pmix6fabric13load_topology
FN:950,_RNvNtCsyULe2umut5_4pmix6fabric17compute_distances
FN:290,_RNvNtCsyULe2umut5_4pmix6fabric18fabric_register_nb
FN:1029,_RNvNtCsyULe2umut5_4pmix6fabric20compute_distances_nb
FN:310,_RNvNvNtCsyULe2umut5_4pmix6fabric18fabric_register_nb18fabric_register_cb
FN:1049,_RNvNvNtCsyULe2umut5_4pmix6fabric20compute_distances_nb20compute_distances_cb
FN:1346,_RNvXNvNtNtCsyULe2umut5_4pmix6fabric5testss_30test_fabric_update_nb_compilesNtB2_4NbCbNtB6_14FabricCallback11on_complete
FN:1319,_RNvXNvNtNtCsyULe2umut5_4pmix6fabric5testss_32test_fabric_register_nb_compilesNtB2_4NbCbNtB6_14FabricCallback11on_complete
FN:1368,_RNvXNvNtNtCsyULe2umut5_4pmix6fabric5testss_34test_fabric_deregister_nb_compilesNtB2_4NbCbNtB6_14FabricCallback11on_complete
FN:582,_RNvXs1_NtCsyULe2umut5_4pmix6fabricNtB5_12PmixTopologyNtNtNtCs27Vx93FoQ6z_4core3ops4drop4Drop4drop
FN:651,_RNvXs3_NtCsyULe2umut5_4pmix6fabricNtB5_10PmixCpusetNtNtCs27Vx93FoQ6z_4core7default7Default7default
FN:147,_RNCNvMs_NtCsyULe2umut5_4pmix6fabricNtB6_10PmixFabric4name0B8_
FN:104,_RNCNvXNtCsyULe2umut5_4pmix6fabricNtB4_10PmixFabricNtNtCs27Vx93FoQ6z_4core3fmt5Debug3fmt0B6_
FNDA:1,_RNvNtNtCsyULe2umut5_4pmix6fabric5testss_17test_fabric_debug
FNDA:1,_RNvNtNtCsyULe2umut5_4pmix6fabric5testss_21test_fabric_lifecycle
FNDA:1,_RNvNtNtCsyULe2umut5_4pmix6fabric5testss_22test_fabric_new_unamed
FNDA:1,_RNvNtNtCsyULe2umut5_4pmix6fabric5testss_24test_fabric_new_nul_name
FNDA:1,_RNvNtNtCsyULe2umut5_4pmix6fabric5testss_25test_device_distance_uuid
FNDA:1,_RNvNtNtCsyULe2umut5_4pmix6fabric5testss_25test_fabric_new_none_name
FNDA:1,_RNvNtNtCsyULe2umut5_4pmix6fabric5testss_25test_fabric_new_with_name
FNDA:1,_RNvNtNtCsyULe2umut5_4pmix6fabric5testss_26test_fabric_register_named
FNDA:1,_RNvNtNtCsyULe2umut5_4pmix6fabric5testss_27test_device_distance_osname
FNDA:1,_RNvNtNtCsyULe2umut5_4pmix6fabric5testss_27test_device_distances_debug
FNDA:1,_RNvNtNtCsyULe2umut5_4pmix6fabric5testss_27test_device_distances_empty
FNDA:1,_RNvNtNtCsyULe2umut5_4pmix6fabric5testss_28test_device_distance_maxdist
FNDA:1,_RNvNtNtCsyULe2umut5_4pmix6fabric5testss_28test_device_distance_mindist
FNDA:1,_RNvNtNtCsyULe2umut5_4pmix6fabric5testss_28test_device_distances_single
FNDA:1,_RNvNtNtCsyULe2umut5_4pmix6fabric5testss_29test_fabric_double_deregister
FNDA:1,_RNvNtNtCsyULe2umut5_4pmix6fabric5testss_30test_device_distance_all_types
FNDA:1,_RNvNtNtCsyULe2umut5_4pmix6fabric5testss_30test_device_distances_multiple
FNDA:1,_RNvNtNtCsyULe2umut5_4pmix6fabric5testss_30test_fabric_update_nb_compiles
FNDA:1,_RNvNtNtCsyULe2umut5_4pmix6fabric5testss_32test_device_distance_device_type
FNDA:1,_RNvNtNtCsyULe2umut5_4pmix6fabric5testss_32test_fabric_register_nb_compiles
FNDA:1,_RNvNtNtCsyULe2umut5_4pmix6fabric5testss_33test_fabric_callback_trait_object
FNDA:1,_RNvNtNtCsyULe2umut5_4pmix6fabric5testss_33test_fabric_update_not_registered
FNDA:1,_RNvNtNtCsyULe2umut5_4pmix6fabric5testss_34test_device_distance_empty_strings
FNDA:1,_RNvNtNtCsyULe2umut5_4pmix6fabric5testss_34test_fabric_deregister_nb_compiles
FNDA:1,_RNvNtNtCsyULe2umut5_4pmix6fabric5testss_35test_device_distances_drop_null_raw
FNDA:1,_RNvNtNtCsyULe2umut5_4pmix6fabric5testss_35test_fabric_callback_records_status
FNDA:1,_RNvNtNtCsyULe2umut5_4pmix6fabric5testss_36test_fabric_update_nb_not_registered
FNDA:1,_RNvNtNtCsyULe2umut5_4pmix6fabric5testss_37test_fabric_deregister_not_registered
FNDA:1,_RNvNtNtCsyULe2umut5_4pmix6fabric5testss_37test_fabric_register_empty_directives
FNDA:1,_RNvNtNtCsyULe2umut5_4pmix6fabric5testss_40test_fabric_deregister_nb_not_registered
FNDA:0,_RNvXNvNtNtCsyULe2umut5_4pmix6fabric5testss_33test_fabric_callback_trait_objectNtB2_6TestCbNtB6_14FabricCallback11on_complete
FNDA:0,_RNvXNvNtNtCsyULe2umut5_4pmix6fabric5testss_35test_fabric_callback_records_statusNtB2_11RecordingCbNtB6_14FabricCallback11on_complete
FNDA:0,_RNvXNvNtNtCsyULe2umut5_4pmix6fabric5testss_36test_fabric_update_nb_not_registeredNtB2_4NbCbNtB6_14FabricCallback11on_complete
FNDA:0,_RNvXNvNtNtCsyULe2umut5_4pmix6fabric5testss_40test_fabric_deregister_nb_not_registeredNtB2_4NbCbNtB6_14FabricCallback11on_complete
FNDA:12,_RNvMs2_NtCsyULe2umut5_4pmix6fabricNtB5_10PmixCpuset10as_mut_ptr
FNDA:12,_RNvMs2_NtCsyULe2umut5_4pmix6fabricNtB5_10PmixCpuset3new
FNDA:5,_RNvMs5_NtCsyULe2umut5_4pmix6fabricNtB5_18PmixDeviceDistance11device_type
FNDA:6,_RNvMs5_NtCsyULe2umut5_4pmix6fabricNtB5_18PmixDeviceDistance4uuid
FNDA:2,_RNvMs5_NtCsyULe2umut5_4pmix6fabricNtB5_18PmixDeviceDistance6osname
FNDA:2,_RNvMs5_NtCsyULe2umut5_4pmix6fabricNtB5_18PmixDeviceDistance7maxdist
FNDA:2,_RNvMs5_NtCsyULe2umut5_4pmix6fabricNtB5_18PmixDeviceDistance7mindist
FNDA:16,_RNvMs5_NtCsyULe2umut5_4pmix6fabricNtB5_18PmixDeviceDistance8test_new
FNDA:3,_RNvMs6_NtCsyULe2umut5_4pmix6fabricNtB5_15DeviceDistances3len
FNDA:3,_RNvMs6_NtCsyULe2umut5_4pmix6fabricNtB5_15DeviceDistances8is_empty
FNDA:5,_RNvMs6_NtCsyULe2umut5_4pmix6fabricNtB5_15DeviceDistances8test_new
FNDA:6,_RNvMs6_NtCsyULe2umut5_4pmix6fabricNtB5_15DeviceDistances9distances
FNDA:4,_RNvMs_NtCsyULe2umut5_4pmix6fabricNtB4_10PmixFabric10as_mut_ptr
FNDA:5,_RNvMs_NtCsyULe2umut5_4pmix6fabricNtB4_10PmixFabric13is_registered
FNDA:0,_RNvMs_NtCsyULe2umut5_4pmix6fabricNtB4_10PmixFabric13sync_from_raw
FNDA:6,_RNvMs_NtCsyULe2umut5_4pmix6fabricNtB4_10PmixFabric3new
FNDA:3,_RNvMs_NtCsyULe2umut5_4pmix6fabricNtB4_10PmixFabric4name
FNDA:1,_RNvMs_NtCsyULe2umut5_4pmix6fabricNtB4_10PmixFabric5index
FNDA:1,_RNvMs_NtCsyULe2umut5_4pmix6fabricNtB4_10PmixFabric5ninfo
FNDA:7,_RNvMs_NtCsyULe2umut5_4pmix6fabricNtB4_10PmixFabric6unamed
FNDA:1,_RNvNtCsyULe2umut5_4pmix6fabric13fabric_update
FNDA:4,_RNvNtCsyULe2umut5_4pmix6fabric15fabric_register
FNDA:1,_RNvNtCsyULe2umut5_4pmix6fabric16fabric_update_nb
FNDA:1,_RNvNtCsyULe2umut5_4pmix6fabric17fabric_deregister
FNDA:1,_RNvNtCsyULe2umut5_4pmix6fabric20fabric_deregister_nb
FNDA:0,_RNvNvNtCsyULe2umut5_4pmix6fabric16fabric_update_nb16fabric_update_cb
FNDA:0,_RNvNvNtCsyULe2umut5_4pmix6fabric20fabric_deregister_nb20fabric_deregister_cb
FNDA:1,_RNvXNtCsyULe2umut5_4pmix6fabricNtB2_10PmixFabricNtNtCs27Vx93FoQ6z_4core3fmt5Debug3fmt
FNDA:1,_RNvXs7_NtCsyULe2umut5_4pmix6fabricNtB5_15DeviceDistancesNtNtCs27Vx93FoQ6z_4core3fmt5Debug3fmt
FNDA:12,_RNvXs4_NtCsyULe2umut5_4pmix6fabricNtB5_10PmixCpusetNtNtNtCs27Vx93FoQ6z_4core3ops4drop4Drop4drop
FNDA:5,_RNvXs8_NtCsyULe2umut5_4pmix6fabricNtB5_15DeviceDistancesNtNtNtCs27Vx93FoQ6z_4core3ops4drop4Drop4drop
FNDA:0,_RNCNvMs0_NtCsyULe2umut5_4pmix6fabricNtB7_12PmixTopology6source0B9_
FNDA:0,_RNCNvNtCsyULe2umut5_4pmix6fabric17compute_distances0B5_
FNDA:0,_RNCNvNvNtCsyULe2umut5_4pmix6fabric20compute_distances_nb20compute_distances_cb0B7_
FNDA:0,_RNvMs0_NtCsyULe2umut5_4pmix6fabricNtB5_12PmixTopology10as_mut_ptr
FNDA:0,_RNvMs0_NtCsyULe2umut5_4pmix6fabricNtB5_12PmixTopology13sync_from_raw
FNDA:0,_RNvMs0_NtCsyULe2umut5_4pmix6fabricNtB5_12PmixTopology3new
FNDA:0,_RNvMs0_NtCsyULe2umut5_4pmix6fabricNtB5_12PmixTopology6source
FNDA:0,_RNvMs0_NtCsyULe2umut5_4pmix6fabricNtB5_12PmixTopology6unamed
FNDA:0,_RNvMs0_NtCsyULe2umut5_4pmix6fabricNtB5_12PmixTopology8test_new
FNDA:0,_RNvMs0_NtCsyULe2umut5_4pmix6fabricNtB5_12PmixTopology9is_loaded
FNDA:0,_RNvMs2_NtCsyULe2umut5_4pmix6fabricNtB5_10PmixCpuset8test_new
FNDA:0,_RNvMs5_NtCsyULe2umut5_4pmix6fabricNtB5_18PmixDeviceDistance8from_raw
FNDA:0,_RNvNtCsyULe2umut5_4pmix6fabric13load_topology
FNDA:0,_RNvNtCsyULe2umut5_4pmix6fabric17compute_distances
FNDA:0,_RNvNtCsyULe2umut5_4pmix6fabric18fabric_register_nb
FNDA:0,_RNvNtCsyULe2umut5_4pmix6fabric20compute_distances_nb
FNDA:0,_RNvNvNtCsyULe2umut5_4pmix6fabric18fabric_register_nb18fabric_register_cb
FNDA:0,_RNvNvNtCsyULe2umut5_4pmix6fabric20compute_distances_nb20compute_distances_cb
FNDA:0,_RNvXNvNtNtCsyULe2umut5_4pmix6fabric5testss_30test_fabric_update_nb_compilesNtB2_4NbCbNtB6_14FabricCallback11on_complete
FNDA:0,_RNvXNvNtNtCsyULe2umut5_4pmix6fabric5testss_32test_fabric_register_nb_compilesNtB2_4NbCbNtB6_14FabricCallback11on_complete
FNDA:0,_RNvXNvNtNtCsyULe2umut5_4pmix6fabric5testss_34test_fabric_deregister_nb_compilesNtB2_4NbCbNtB6_14FabricCallback11on_complete
FNDA:0,_RNvXs1_NtCsyULe2umut5_4pmix6fabricNtB5_12PmixTopologyNtNtNtCs27Vx93FoQ6z_4core3ops4drop4Drop4drop
FNDA:0,_RNvXs3_NtCsyULe2umut5_4pmix6fabricNtB5_10PmixCpusetNtNtCs27Vx93FoQ6z_4core7default7Default7default
FNDA:1,_RNCNvMs_NtCsyULe2umut5_4pmix6fabricNtB6_10PmixFabric4name0B8_
FNDA:0,_RNCNvXNtCsyULe2umut5_4pmix6fabricNtB4_10PmixFabricNtNtCs27Vx93FoQ6z_4core3fmt5Debug3fmt0B6_
FNF:90
FNH:59
DA:97,1
DA:98,1
DA:99,1
DA:100,1
DA:101,1
DA:102,1
DA:103,1
DA:104,1
DA:106,1
DA:107,1
DA:108,1
DA:109,1
DA:110,1
DA:118,6
DA:119,6
DA:120,5
DA:121,1
DA:123,5
DA:124,5
DA:125,5
DA:126,5
DA:127,5
DA:128,5
DA:129,5
DA:130,5
DA:131,6
DA:134,7
DA:135,7
DA:136,7
DA:137,7
DA:138,7
DA:139,7
DA:140,7
DA:141,7
DA:142,7
DA:143,7
DA:146,3
DA:147,3
DA:148,3
DA:151,1
DA:152,1
DA:153,1
DA:156,5
DA:157,5
DA:158,5
DA:161,1
DA:162,1
DA:163,1
DA:169,4
DA:172,4
DA:173,4
DA:174,3
DA:175,1
DA:177,4
DA:180,4
DA:181,4
DA:182,4
DA:184,4
DA:188,0
DA:189,0
DA:190,0
DA:191,0
DA:192,0
DA:193,0
DA:194,0
DA:195,0
DA:196,0
DA:245,4
DA:246,4
DA:247,4
DA:249,0
DA:250,0
DA:251,0
DA:252,0
DA:253,0
DA:254,0
DA:255,0
DA:258,4
DA:259,4
DA:261,4
DA:262,4
DA:263,0
DA:264,0
DA:265,0
DA:267,4
DA:269,4
DA:290,0
DA:291,0
DA:292,0
DA:293,0
DA:294,0
DA:295,0
DA:296,0
DA:298,0
DA:299,0
DA:300,0
DA:301,0
DA:302,0
DA:303,0
DA:304,0
DA:307,0
DA:308,0
DA:310,0
DA:311,0
DA:312,0
DA:313,0
DA:314,0
DA:315,0
DA:316,0
DA:317,0
DA:318,0
DA:320,0
DA:321,0
DA:322,0
DA:323,0
DA:324,0
DA:325,0
DA:326,0
DA:327,0
DA:331,0
DA:332,0
DA:333,0
DA:334,0
DA:337,0
DA:338,0
DA:340,0
DA:361,1
DA:362,1
DA:363,1
DA:364,0
DA:366,0
DA:367,0
DA:369,0
DA:370,0
DA:371,0
DA:372,0
DA:374,0
DA:376,1
DA:383,1
DA:384,1
DA:385,1
DA:386,1
DA:387,1
DA:388,1
DA:389,0
DA:391,0
DA:392,0
DA:394,0
DA:395,0
DA:396,0
DA:397,0
DA:398,0
DA:399,0
DA:401,0
DA:402,0
DA:403,0
DA:405,0
DA:406,0
DA:407,0
DA:409,0
DA:410,0
DA:412,1
DA:429,1
DA:430,1
DA:431,1
DA:432,0
DA:434,0
DA:435,0
DA:437,0
DA:438,0
DA:439,0
DA:440,0
DA:441,0
DA:442,0
DA:444,0
DA:446,1
DA:453,1
DA:454,1
DA:455,1
DA:456,1
DA:457,1
DA:458,1
DA:459,0
DA:461,0
DA:462,0
DA:464,0
DA:465,0
DA:466,0
DA:467,0
DA:468,0
DA:469,0
DA:470,0
DA:471,0
DA:472,0
DA:474,0
DA:475,0
DA:476,0
DA:479,0
DA:480,0
DA:481,0
DA:482,0
DA:484,0
DA:485,0
DA:487,1
DA:518,0
DA:519,0
DA:520,0
DA:521,0
DA:523,0
DA:524,0
DA:525,0
DA:526,0
DA:527,0
DA:528,0
DA:529,0
DA:532,0
DA:533,0
DA:534,0
DA:535,0
DA:536,0
DA:537,0
DA:538,0
DA:539,0
DA:542,0
DA:543,0
DA:544,0
DA:547,0
DA:548,0
DA:549,0
DA:552,0
DA:554,0
DA:555,0
DA:556,0
DA:557,0
DA:559,0
DA:560,0
DA:562,0
DA:566,0
DA:567,0
DA:568,0
DA:569,0
DA:570,0
DA:576,0
DA:577,0
DA:578,0
DA:582,0
DA:583,0
DA:584,0
DA:585,0
DA:586,0
DA:587,0
DA:588,0
DA:589,0
DA:592,0
DA:619,12
DA:620,12
DA:621,12
DA:622,12
DA:623,12
DA:624,12
DA:626,12
DA:627,12
DA:628,12
DA:629,12
DA:636,0
DA:637,0
DA:638,0
DA:639,0
DA:640,0
DA:641,0
DA:644,12
DA:645,12
DA:646,12
DA:647,12
DA:651,0
DA:652,0
DA:653,0
DA:657,12
DA:658,12
DA:659,12
DA:660,12
DA:661,12
DA:662,12
DA:663,12
DA:664,12
DA:695,6
DA:696,6
DA:697,6
DA:700,2
DA:701,2
DA:702,2
DA:705,5
DA:706,5
DA:707,5
DA:710,2
DA:711,2
DA:712,2
DA:715,2
DA:716,2
DA:717,2
DA:725,0
DA:726,0
DA:727,0
DA:728,0
DA:730,0
DA:733,0
DA:734,0
DA:735,0
DA:737,0
DA:740,0
DA:741,0
DA:742,0
DA:743,0
DA:744,0
DA:745,0
DA:746,0
DA:747,0
DA:752,16
DA:753,16
DA:754,16
DA:755,16
DA:756,16
DA:757,16
DA:758,16
DA:759,16
DA:760,16
DA:761,16
DA:762,16
DA:763,16
DA:764,16
DA:765,16
DA:766,16
DA:783,6
DA:784,6
DA:785,6
DA:788,3
DA:789,3
DA:790,3
DA:793,3
DA:794,3
DA:795,3
DA:801,5
DA:802,5
DA:803,5
DA:804,5
DA:805,5
DA:806,5
DA:807,5
DA:811,1
DA:812,1
DA:813,1
DA:814,1
DA:815,1
DA:819,5
DA:820,5
DA:824,0
DA:825,0
DA:826,0
DA:827,0
DA:828,0
DA:829,0
DA:830,0
DA:831,0
DA:846,0
DA:847,0
DA:848,0
DA:850,0
DA:851,0
DA:853,0
DA:854,0
DA:855,5
DA:856,5
DA:900,0
DA:901,0
DA:902,0
DA:904,0
DA:905,0
DA:906,0
DA:907,0
DA:908,0
DA:910,0
DA:912,0
DA:950,0
DA:951,0
DA:952,0
DA:953,0
DA:954,0
DA:955,0
DA:956,0
DA:958,0
DA:959,0
DA:960,0
DA:961,0
DA:962,0
DA:963,0
DA:966,0
DA:967,0
DA:969,0
DA:970,0
DA:972,0
DA:973,0
DA:974,0
DA:975,0
DA:976,0
DA:977,0
DA:978,0
DA:979,0
DA:983,0
DA:984,0
DA:985,0
DA:986,0
DA:991,0
DA:992,0
DA:993,0
DA:995,0
DA:996,0
DA:997,0
DA:1001,0
DA:1002,0
DA:1003,0
DA:1004,0
DA:1005,0
DA:1006,0
DA:1029,0
DA:1030,0
DA:1031,0
DA:1032,0
DA:1033,0
DA:1034,0
DA:1035,0
DA:1036,0
DA:1038,0
DA:1039,0
DA:1040,0
DA:1041,0
DA:1042,0
DA:1043,0
DA:1046,0
DA:1047,0
DA:1049,0
DA:1050,0
DA:1051,0
DA:1052,0
DA:1053,0
DA:1054,0
DA:1055,0
DA:1056,0
DA:1057,0
DA:1058,0
DA:1059,0
DA:1062,0
DA:1064,0
DA:1065,0
DA:1066,0
DA:1067,0
DA:1069,0
DA:1070,0
DA:1071,0
DA:1072,0
DA:1073,0
DA:1075,0
DA:1076,0
DA:1077,0
DA:1078,0
DA:1079,0
DA:1083,0
DA:1084,0
DA:1085,0
DA:1087,0
DA:1088,0
DA:1090,0
DA:1091,0
DA:1093,0
DA:1094,0
DA:1095,0
DA:1096,0
DA:1097,0
DA:1098,0
DA:1099,0
DA:1100,0
DA:1104,0
DA:1105,0
DA:1106,0
DA:1109,0
DA:1110,0
DA:1112,0
DA:1126,1
DA:1127,1
DA:1128,1
DA:1129,1
DA:1130,1
DA:1131,1
DA:1132,1
DA:1136,1
DA:1137,1
DA:1138,1
DA:1139,1
DA:1140,1
DA:1144,1
DA:1145,1
DA:1146,1
DA:1147,1
DA:1148,1
DA:1152,1
DA:1153,1
DA:1154,1
DA:1155,1
DA:1159,1
DA:1160,1
DA:1161,1
DA:1162,1
DA:1163,1
DA:1169,1
DA:1170,1
DA:1171,1
DA:1172,1
DA:1173,1
DA:1174,1
DA:1176,1
DA:1179,1
DA:1183,1
DA:1184,1
DA:1185,1
DA:1186,1
DA:1187,1
DA:1188,1
DA:1190,1
DA:1193,1
DA:1198,1
DA:1201,0
DA:1203,1
DA:1204,1
DA:1208,1
DA:1215,0
DA:1216,0
DA:1217,0
DA:1220,1
DA:1221,1
DA:1222,1
DA:1223,1
DA:1226,1
DA:1229,1
DA:1230,1
DA:1239,1
DA:1240,1
DA:1241,1
DA:1244,1
DA:1245,0
DA:1246,1
DA:1247,1
DA:1252,1
DA:1253,1
DA:1254,1
DA:1255,1
DA:1256,0
DA:1257,0
DA:1258,1
DA:1259,1
DA:1266,1
DA:1267,1
DA:1268,1
DA:1271,1
DA:1272,1
DA:1274,1
DA:1275,0
DA:1276,0
DA:1279,0
DA:1280,0
DA:1281,0
DA:1282,0
DA:1285,0
DA:1286,0
DA:1287,0
DA:1288,0
DA:1289,1
DA:1294,1
DA:1295,1
DA:1296,1
DA:1297,1
DA:1298,1
DA:1299,0
DA:1300,0
DA:1301,0
DA:1303,0
DA:1304,0
DA:1305,1
DA:1316,1
DA:1319,0
DA:1323,1
DA:1324,1
DA:1325,1
DA:1326,1
DA:1327,1
DA:1328,0
DA:1330,1
DA:1331,1
DA:1334,0
DA:1338,1
DA:1343,1
DA:1346,0
DA:1348,1
DA:1349,1
DA:1350,1
DA:1351,1
DA:1352,1
DA:1353,0
DA:1355,1
DA:1356,1
DA:1359,0
DA:1360,1
DA:1365,1
DA:1368,0
DA:1370,1
DA:1371,1
DA:1372,1
DA:1373,1
DA:1374,1
DA:1375,0
DA:1377,1
DA:1378,1
DA:1381,0
DA:1382,1
DA:1387,1
DA:1390,0
DA:1392,1
DA:1393,1
DA:1394,1
DA:1396,1
DA:1399,1
DA:1402,0
DA:1404,1
DA:1405,1
DA:1406,1
DA:1407,1
DA:1413,1
DA:1414,1
DA:1415,1
DA:1416,1
DA:1420,1
DA:1421,1
DA:1422,1
DA:1423,1
DA:1427,1
DA:1428,1
DA:1429,1
DA:1430,1
DA:1434,1
DA:1435,1
DA:1436,1
DA:1437,1
DA:1441,1
DA:1442,1
DA:1443,1
DA:1444,1
DA:1448,1
DA:1449,1
DA:1450,1
DA:1451,1
DA:1452,1
DA:1453,1
DA:1454,1
DA:1455,1
DA:1459,1
DA:1460,1
DA:1461,1
DA:1462,1
DA:1463,1
DA:1464,1
DA:1465,1
DA:1466,1
DA:1472,1
DA:1473,1
DA:1474,1
DA:1475,1
DA:1476,1
DA:1477,1
DA:1481,1
DA:1482,1
DA:1483,1
DA:1484,1
DA:1485,1
DA:1486,1
DA:1487,1
DA:1488,1
DA:1492,1
DA:1493,1
DA:1494,1
DA:1495,1
DA:1496,1
DA:1498,1
DA:1499,1
DA:1500,1
DA:1501,1
DA:1502,1
DA:1503,1
DA:1504,1
DA:1508,1
DA:1509,1
DA:1510,1
DA:1511,1
DA:1512,1
DA:1513,1
DA:1514,1
DA:1518,1
DA:1520,1
DA:1521,1
DA:1522,1
DA:1524,1
DA:1525,1
BRF:0
BRH:0
LF:714
LH:357
end_of_record
SF:/home/bzf/projects/pmix-rs/src/ffi.rs
FN:81,_RNvNtNtCsyULe2umut5_4pmix3ffi5testss_19test_pmix_proc_size
FN:94,_RNvNtNtCsyULe2umut5_4pmix3ffi5testss_23test_pmix_info_t_fields
FN:68,_RNvNtNtCsyULe2umut5_4pmix3ffi5testss_23test_pmix_proc_t_layout
FN:55,_RNvNtNtCsyULe2umut5_4pmix3ffi5testss_24test_pmix_value_t_layout
FN:36,_RNvNtNtCsyULe2umut5_4pmix3ffi5testss_28test_pmix_data_types_present
FN:46,_RNvNtNtCsyULe2umut5_4pmix3ffi5testss_33test_pmix_scope_constants_present
FN:25,_RNvNtNtCsyULe2umut5_4pmix3ffi5testss_34test_pmix_status_constants_present
FNDA:1,_RNvNtNtCsyULe2umut5_4pmix3ffi5testss_19test_pmix_proc_size
FNDA:1,_RNvNtNtCsyULe2umut5_4pmix3ffi5testss_23test_pmix_info_t_fields
FNDA:1,_RNvNtNtCsyULe2umut5_4pmix3ffi5testss_23test_pmix_proc_t_layout
FNDA:1,_RNvNtNtCsyULe2umut5_4pmix3ffi5testss_24test_pmix_value_t_layout
FNDA:1,_RNvNtNtCsyULe2umut5_4pmix3ffi5testss_28test_pmix_data_types_present
FNDA:1,_RNvNtNtCsyULe2umut5_4pmix3ffi5testss_33test_pmix_scope_constants_present
FNDA:1,_RNvNtNtCsyULe2umut5_4pmix3ffi5testss_34test_pmix_status_constants_present
FNF:7
FNH:7
DA:25,1
DA:28,1
DA:29,1
DA:30,1
DA:31,1
DA:32,1
DA:36,1
DA:38,1
DA:39,1
DA:40,1
DA:41,1
DA:42,1
DA:46,1
DA:48,1
DA:49,1
DA:50,1
DA:51,1
DA:55,1
DA:57,1
DA:58,1
DA:60,1
DA:61,1
DA:64,1
DA:68,1
DA:70,1
DA:71,1
DA:73,1
DA:74,1
DA:77,1
DA:81,1
DA:85,1
DA:90,1
DA:94,1
DA:96,1
DA:97,1
DA:98,1
DA:99,1
DA:102,1
BRF:0
BRH:0
LF:38
LH:38
end_of_record
SF:/home/bzf/projects/pmix-rs/src/groups.rs
FN:880,_RNCNvNtNtCsyULe2umut5_4pmix6groups5testss_32test_group_join_callback_wrapper0B7_
FN:886,_RNCNvNtNtCsyULe2umut5_4pmix6groups5testss_33test_group_leave_callback_wrapper0B7_
FN:874,_RNCNvNtNtCsyULe2umut5_4pmix6groups5testss_34test_group_invite_callback_wrapper0B7_
FN:892,_RNCNvNtNtCsyULe2umut5_4pmix6groups5testss_36test_group_destruct_callback_wrapper0B7_
FN:868,_RNCNvNtNtCsyULe2umut5_4pmix6groups5testss_37test_group_construct_callback_wrapper0B7_
FN:879,_RNvNtNtCsyULe2umut5_4pmix6groups5testss_32test_group_join_callback_wrapper
FN:885,_RNvNtNtCsyULe2umut5_4pmix6groups5testss_33test_group_leave_callback_wrapper
FN:873,_RNvNtNtCsyULe2umut5_4pmix6groups5testss_34test_group_invite_callback_wrapper
FN:891,_RNvNtNtCsyULe2umut5_4pmix6groups5testss_36test_group_destruct_callback_wrapper
FN:866,_RNvNtNtCsyULe2umut5_4pmix6groups5testss_37test_group_construct_callback_wrapper
FN:125,_RINvMNtCsyULe2umut5_4pmix6groupsNtB3_29GroupConstructCallbackWrapper3newNCNvNtB3_5testss_37test_group_construct_callback_wrapper0EB5_
FN:530,_RINvMs0_NtCsyULe2umut5_4pmix6groupsNtB6_24GroupJoinCallbackWrapper3newNCNvNtB6_5testss_32test_group_join_callback_wrapper0EB8_
FN:680,_RINvMs1_NtCsyULe2umut5_4pmix6groupsNtB6_25GroupLeaveCallbackWrapper3newNCNvNtB6_5testss_33test_group_leave_callback_wrapper0EB8_
FN:795,_RINvMs2_NtCsyULe2umut5_4pmix6groupsNtB6_28GroupDestructCallbackWrapper3newNCNvNtB6_5testss_36test_group_destruct_callback_wrapper0EB8_
FN:329,_RINvMs_NtCsyULe2umut5_4pmix6groupsNtB5_26GroupInviteCallbackWrapper3newNCNvNtB5_5testss_34test_group_invite_callback_wrapper0EB7_
FN:452,_RNvNtCsyULe2umut5_4pmix6groups10group_join
FN:642,_RNvNtCsyULe2umut5_4pmix6groups11group_leave
FN:247,_RNvNtCsyULe2umut5_4pmix6groups12group_invite
FN:550,_RNvNtCsyULe2umut5_4pmix6groups13group_join_nb
FN:757,_RNvNtCsyULe2umut5_4pmix6groups14group_destruct
FN:698,_RNvNtCsyULe2umut5_4pmix6groups14group_leave_nb
FN:42,_RNvNtCsyULe2umut5_4pmix6groups15group_construct
FN:348,_RNvNtCsyULe2umut5_4pmix6groups15group_invite_nb
FN:813,_RNvNtCsyULe2umut5_4pmix6groups17group_destruct_nb
FN:148,_RNvNtCsyULe2umut5_4pmix6groups18group_construct_nb
FN:564,_RNvNvNtCsyULe2umut5_4pmix6groups13group_join_nb26group_join_callback_bridge
FN:710,_RNvNvNtCsyULe2umut5_4pmix6groups14group_leave_nb27group_leave_callback_bridge
FN:364,_RNvNvNtCsyULe2umut5_4pmix6groups15group_invite_nb28group_invite_callback_bridge
FN:825,_RNvNvNtCsyULe2umut5_4pmix6groups17group_destruct_nb30group_destruct_callback_bridge
FN:165,_RNvNvNtCsyULe2umut5_4pmix6groups18group_construct_nb31group_construct_callback_bridge
FNDA:0,_RNCNvNtNtCsyULe2umut5_4pmix6groups5testss_32test_group_join_callback_wrapper0B7_
FNDA:0,_RNCNvNtNtCsyULe2umut5_4pmix6groups5testss_33test_group_leave_callback_wrapper0B7_
FNDA:0,_RNCNvNtNtCsyULe2umut5_4pmix6groups5testss_34test_group_invite_callback_wrapper0B7_
FNDA:0,_RNCNvNtNtCsyULe2umut5_4pmix6groups5testss_36test_group_destruct_callback_wrapper0B7_
FNDA:0,_RNCNvNtNtCsyULe2umut5_4pmix6groups5testss_37test_group_construct_callback_wrapper0B7_
FNDA:1,_RNvNtNtCsyULe2umut5_4pmix6groups5testss_32test_group_join_callback_wrapper
FNDA:1,_RNvNtNtCsyULe2umut5_4pmix6groups5testss_33test_group_leave_callback_wrapper
FNDA:1,_RNvNtNtCsyULe2umut5_4pmix6groups5testss_34test_group_invite_callback_wrapper
FNDA:1,_RNvNtNtCsyULe2umut5_4pmix6groups5testss_36test_group_destruct_callback_wrapper
FNDA:1,_RNvNtNtCsyULe2umut5_4pmix6groups5testss_37test_group_construct_callback_wrapper
FNDA:1,_RINvMNtCsyULe2umut5_4pmix6groupsNtB3_29GroupConstructCallbackWrapper3newNCNvNtB3_5testss_37test_group_construct_callback_wrapper0EB5_
FNDA:1,_RINvMs0_NtCsyULe2umut5_4pmix6groupsNtB6_24GroupJoinCallbackWrapper3newNCNvNtB6_5testss_32test_group_join_callback_wrapper0EB8_
FNDA:1,_RINvMs1_NtCsyULe2umut5_4pmix6groupsNtB6_25GroupLeaveCallbackWrapper3newNCNvNtB6_5testss_33test_group_leave_callback_wrapper0EB8_
FNDA:1,_RINvMs2_NtCsyULe2umut5_4pmix6groupsNtB6_28GroupDestructCallbackWrapper3newNCNvNtB6_5testss_36test_group_destruct_callback_wrapper0EB8_
FNDA:1,_RINvMs_NtCsyULe2umut5_4pmix6groupsNtB5_26GroupInviteCallbackWrapper3newNCNvNtB5_5testss_34test_group_invite_callback_wrapper0EB7_
FNDA:0,_RNvNtCsyULe2umut5_4pmix6groups10group_join
FNDA:0,_RNvNtCsyULe2umut5_4pmix6groups11group_leave
FNDA:0,_RNvNtCsyULe2umut5_4pmix6groups12group_invite
FNDA:0,_RNvNtCsyULe2umut5_4pmix6groups13group_join_nb
FNDA:0,_RNvNtCsyULe2umut5_4pmix6groups14group_destruct
FNDA:0,_RNvNtCsyULe2umut5_4pmix6groups14group_leave_nb
FNDA:0,_RNvNtCsyULe2umut5_4pmix6groups15group_construct
FNDA:0,_RNvNtCsyULe2umut5_4pmix6groups15group_invite_nb
FNDA:0,_RNvNtCsyULe2umut5_4pmix6groups17group_destruct_nb
FNDA:0,_RNvNtCsyULe2umut5_4pmix6groups18group_construct_nb
FNDA:0,_RNvNvNtCsyULe2umut5_4pmix6groups13group_join_nb26group_join_callback_bridge
FNDA:0,_RNvNvNtCsyULe2umut5_4pmix6groups14group_leave_nb27group_leave_callback_bridge
FNDA:0,_RNvNvNtCsyULe2umut5_4pmix6groups15group_invite_nb28group_invite_callback_bridge
FNDA:0,_RNvNvNtCsyULe2umut5_4pmix6groups17group_destruct_nb30group_destruct_callback_bridge
FNDA:0,_RNvNvNtCsyULe2umut5_4pmix6groups18group_construct_nb31group_construct_callback_bridge
FNF:30
FNH:10
DA:42,0
DA:43,0
DA:44,0
DA:45,0
DA:46,0
DA:47,0
DA:48,0
DA:49,0
DA:50,0
DA:51,0
DA:52,0
DA:54,0
DA:56,0
DA:57,0
DA:60,0
DA:61,0
DA:63,0
DA:64,0
DA:65,0
DA:66,0
DA:67,0
DA:68,0
DA:69,0
DA:72,0
DA:73,0
DA:75,0
DA:76,0
DA:77,0
DA:78,0
DA:79,0
DA:80,0
DA:81,0
DA:82,0
DA:83,0
DA:87,0
DA:88,0
DA:89,0
DA:90,0
DA:92,0
DA:93,0
DA:94,0
DA:96,0
DA:97,0
DA:98,0
DA:99,0
DA:100,0
DA:101,0
DA:102,0
DA:103,0
DA:105,0
DA:106,0
DA:107,0
DA:108,0
DA:112,0
DA:113,0
DA:125,1
DA:126,1
DA:127,1
DA:129,1
DA:130,1
DA:131,1
DA:132,1
DA:148,0
DA:149,0
DA:150,0
DA:151,0
DA:152,0
DA:153,0
DA:154,0
DA:155,0
DA:156,0
DA:157,0
DA:158,0
DA:159,0
DA:161,0
DA:163,0
DA:165,0
DA:166,0
DA:167,0
DA:168,0
DA:169,0
DA:170,0
DA:171,0
DA:172,0
DA:173,0
DA:174,0
DA:176,0
DA:178,0
DA:179,0
DA:181,0
DA:182,0
DA:183,0
DA:184,0
DA:185,0
DA:186,0
DA:187,0
DA:188,0
DA:192,0
DA:195,0
DA:196,0
DA:198,0
DA:199,0
DA:202,0
DA:203,0
DA:205,0
DA:206,0
DA:207,0
DA:208,0
DA:209,0
DA:210,0
DA:213,0
DA:214,0
DA:215,0
DA:216,0
DA:217,0
DA:218,0
DA:219,0
DA:220,0
DA:221,0
DA:225,0
DA:226,0
DA:227,0
DA:229,0
DA:230,0
DA:232,0
DA:247,0
DA:248,0
DA:249,0
DA:250,0
DA:251,0
DA:252,0
DA:253,0
DA:254,0
DA:255,0
DA:256,0
DA:257,0
DA:259,0
DA:261,0
DA:262,0
DA:265,0
DA:266,0
DA:268,0
DA:269,0
DA:270,0
DA:271,0
DA:272,0
DA:273,0
DA:276,0
DA:277,0
DA:279,0
DA:280,0
DA:281,0
DA:282,0
DA:283,0
DA:284,0
DA:285,0
DA:286,0
DA:287,0
DA:291,0
DA:292,0
DA:293,0
DA:294,0
DA:296,0
DA:297,0
DA:298,0
DA:300,0
DA:301,0
DA:302,0
DA:303,0
DA:304,0
DA:305,0
DA:306,0
DA:307,0
DA:309,0
DA:310,0
DA:311,0
DA:312,0
DA:316,0
DA:317,0
DA:329,1
DA:330,1
DA:331,1
DA:333,1
DA:334,1
DA:335,1
DA:336,1
DA:348,0
DA:349,0
DA:350,0
DA:351,0
DA:352,0
DA:353,0
DA:354,0
DA:355,0
DA:356,0
DA:357,0
DA:358,0
DA:359,0
DA:361,0
DA:362,0
DA:364,0
DA:365,0
DA:366,0
DA:367,0
DA:368,0
DA:369,0
DA:370,0
DA:371,0
DA:372,0
DA:373,0
DA:375,0
DA:377,0
DA:378,0
DA:380,0
DA:381,0
DA:382,0
DA:383,0
DA:384,0
DA:385,0
DA:386,0
DA:387,0
DA:391,0
DA:394,0
DA:395,0
DA:397,0
DA:398,0
DA:401,0
DA:402,0
DA:404,0
DA:405,0
DA:406,0
DA:407,0
DA:408,0
DA:409,0
DA:412,0
DA:413,0
DA:414,0
DA:415,0
DA:416,0
DA:417,0
DA:418,0
DA:419,0
DA:420,0
DA:424,0
DA:425,0
DA:426,0
DA:428,0
DA:429,0
DA:431,0
DA:452,0
DA:453,0
DA:454,0
DA:455,0
DA:456,0
DA:457,0
DA:458,0
DA:459,0
DA:460,0
DA:462,0
DA:464,0
DA:466,0
DA:467,0
DA:469,0
DA:470,0
DA:471,0
DA:472,0
DA:473,0
DA:474,0
DA:477,0
DA:478,0
DA:480,0
DA:481,0
DA:482,0
DA:483,0
DA:484,0
DA:485,0
DA:486,0
DA:487,0
DA:488,0
DA:492,0
DA:493,0
DA:494,0
DA:495,0
DA:497,0
DA:498,0
DA:499,0
DA:501,0
DA:502,0
DA:503,0
DA:504,0
DA:505,0
DA:506,0
DA:507,0
DA:508,0
DA:510,0
DA:511,0
DA:512,0
DA:513,0
DA:517,0
DA:518,0
DA:530,1
DA:531,1
DA:532,1
DA:534,1
DA:535,1
DA:536,1
DA:537,1
DA:550,0
DA:551,0
DA:552,0
DA:553,0
DA:554,0
DA:555,0
DA:556,0
DA:557,0
DA:558,0
DA:559,0
DA:561,0
DA:562,0
DA:564,0
DA:565,0
DA:566,0
DA:567,0
DA:568,0
DA:569,0
DA:570,0
DA:571,0
DA:572,0
DA:573,0
DA:575,0
DA:577,0
DA:578,0
DA:580,0
DA:581,0
DA:582,0
DA:583,0
DA:584,0
DA:585,0
DA:586,0
DA:587,0
DA:591,0
DA:594,0
DA:595,0
DA:597,0
DA:599,0
DA:600,0
DA:602,0
DA:603,0
DA:604,0
DA:605,0
DA:606,0
DA:607,0
DA:610,0
DA:611,0
DA:612,0
DA:613,0
DA:614,0
DA:615,0
DA:616,0
DA:617,0
DA:618,0
DA:622,0
DA:623,0
DA:624,0
DA:626,0
DA:627,0
DA:629,0
DA:642,0
DA:643,0
DA:644,0
DA:645,0
DA:647,0
DA:649,0
DA:650,0
DA:652,0
DA:653,0
DA:654,0
DA:655,0
DA:656,0
DA:657,0
DA:660,0
DA:662,0
DA:663,0
DA:664,0
DA:666,0
DA:668,0
DA:680,1
DA:681,1
DA:682,1
DA:684,1
DA:685,1
DA:686,1
DA:687,1
DA:698,0
DA:699,0
DA:700,0
DA:701,0
DA:702,0
DA:703,0
DA:704,0
DA:705,0
DA:707,0
DA:708,0
DA:710,0
DA:711,0
DA:712,0
DA:713,0
DA:714,0
DA:716,0
DA:717,0
DA:719,0
DA:720,0
DA:721,0
DA:722,0
DA:723,0
DA:724,0
DA:727,0
DA:728,0
DA:729,0
DA:730,0
DA:731,0
DA:732,0
DA:733,0
DA:737,0
DA:738,0
DA:739,0
DA:741,0
DA:742,0
DA:744,0
DA:757,0
DA:758,0
DA:759,0
DA:760,0
DA:762,0
DA:764,0
DA:765,0
DA:767,0
DA:768,0
DA:769,0
DA:770,0
DA:771,0
DA:772,0
DA:775,0
DA:777,0
DA:778,0
DA:779,0
DA:781,0
DA:783,0
DA:795,1
DA:796,1
DA:797,1
DA:799,1
DA:800,1
DA:801,1
DA:802,1
DA:813,0
DA:814,0
DA:815,0
DA:816,0
DA:817,0
DA:818,0
DA:819,0
DA:820,0
DA:822,0
DA:823,0
DA:825,0
DA:826,0
DA:827,0
DA:828,0
DA:829,0
DA:831,0
DA:832,0
DA:834,0
DA:835,0
DA:836,0
DA:837,0
DA:838,0
DA:839,0
DA:842,0
DA:843,0
DA:844,0
DA:845,0
DA:846,0
DA:847,0
DA:848,0
DA:852,0
DA:853,0
DA:854,0
DA:856,0
DA:857,0
DA:859,0
DA:866,1
DA:867,1
DA:868,1
DA:869,1
DA:870,1
DA:873,1
DA:874,1
DA:875,1
DA:876,1
DA:879,1
DA:880,1
DA:881,1
DA:882,1
DA:885,1
DA:886,1
DA:887,1
DA:888,1
DA:891,1
DA:892,1
DA:893,1
DA:894,1
BRF:0
BRH:0
LF:517
LH:56
end_of_record
SF:/home/bzf/projects/pmix-rs/src/info.rs
FN:15,_RNvNtNtCsyULe2umut5_4pmix4info5testss_23test_info_module_exists
FN:23,_RNvNtNtCsyULe2umut5_4pmix4info5testss_26test_info_module_is_public
FNDA:1,_RNvNtNtCsyULe2umut5_4pmix4info5testss_23test_info_module_exists
FNDA:1,_RNvNtNtCsyULe2umut5_4pmix4info5testss_26test_info_module_is_public
FNF:2
FNH:2
DA:15,1
DA:18,1
DA:19,1
DA:23,1
DA:27,1
DA:28,1
BRF:0
BRH:0
LF:6
LH:6
end_of_record
SF:/home/bzf/projects/pmix-rs/src/lib.rs
FN:2751,_RNvCsyULe2umut5_4pmix10free_value
FN:3149,_RNvCsyULe2umut5_4pmix11get_version
FN:3028,_RNvCsyULe2umut5_4pmix4init
FN:3162,_RNvCsyULe2umut5_4pmix8finalize
FN:414,_RNvMCsyULe2umut5_4pmixNtB2_10PmixStatus10is_success
FN:427,_RNvMCsyULe2umut5_4pmixNtB2_10PmixStatus5known
FN:406,_RNvMCsyULe2umut5_4pmixNtB2_10PmixStatus6to_raw
FN:398,_RNvMCsyULe2umut5_4pmixNtB2_10PmixStatus8from_raw
FN:569,_RNvMs2_CsyULe2umut5_4pmixNtB5_9PmixError10is_successB5_
FN:461,_RNvMs2_CsyULe2umut5_4pmixNtB5_9PmixError8from_raw
FN:861,_RNvMs3_CsyULe2umut5_4pmixNtB5_13PmixProcState13is_terminated
FN:815,_RNvMs3_CsyULe2umut5_4pmixNtB5_13PmixProcState6to_raw
FN:785,_RNvMs3_CsyULe2umut5_4pmixNtB5_13PmixProcState8from_raw
FN:846,_RNvMs3_CsyULe2umut5_4pmixNtB5_13PmixProcState8is_alive
FN:966,_RNvMs5_CsyULe2umut5_4pmixNtB5_9PmixScope6to_raw
FN:954,_RNvMs5_CsyULe2umut5_4pmixNtB5_9PmixScope8from_raw
FN:1075,_RNvMs7_CsyULe2umut5_4pmixNtB5_12PmixJobState6to_raw
FN:1059,_RNvMs7_CsyULe2umut5_4pmixNtB5_12PmixJobState8from_raw
FN:1161,_RNvMs9_CsyULe2umut5_4pmixNtB5_13PmixLinkState6to_raw
FN:1151,_RNvMs9_CsyULe2umut5_4pmixNtB5_13PmixLinkState8from_raw
FN:1256,_RNvMsb_CsyULe2umut5_4pmixNtB5_14PmixDeviceType6to_raw
FN:1242,_RNvMsb_CsyULe2umut5_4pmixNtB5_14PmixDeviceType8from_raw
FN:1437,_RNvMsf_CsyULe2umut5_4pmixNtB5_13PmixDataRange6to_raw
FN:1421,_RNvMsf_CsyULe2umut5_4pmixNtB5_13PmixDataRange8from_raw
FN:2017,_RNvMsl_CsyULe2umut5_4pmixNtB5_15IOFChannelFlags3raw
FN:2013,_RNvMsl_CsyULe2umut5_4pmixNtB5_15IOFChannelFlags8contains
FN:2009,_RNvMsl_CsyULe2umut5_4pmixNtB5_15IOFChannelFlags8is_empty
FN:2193,_RNvMsx_CsyULe2umut5_4pmixNtB5_4Proc3new
FN:2257,_RNvMsy_CsyULe2umut5_4pmixNtB5_9InfoFlags3raw
FN:2253,_RNvMsy_CsyULe2umut5_4pmixNtB5_9InfoFlags8contains
FN:2250,_RNvMsy_CsyULe2umut5_4pmixNtB5_9InfoFlags8is_empty
FN:447,_RNvXs1_CsyULe2umut5_4pmixNtB5_10PmixStatusINtNtCs27Vx93FoQ6z_4core7convert4FromNtB5_9PmixErrorE4from
FN:979,_RNvXs6_CsyULe2umut5_4pmixNtB5_9PmixScopeNtNtCs27Vx93FoQ6z_4core3fmt7Display3fmt
FN:1092,_RNvXs8_CsyULe2umut5_4pmixNtB5_12PmixJobStateNtNtCs27Vx93FoQ6z_4core3fmt7Display3fmt
FN:1172,_RNvXsa_CsyULe2umut5_4pmixNtB5_13PmixLinkStateNtNtCs27Vx93FoQ6z_4core3fmt7Display3fmt
FN:1271,_RNvXsc_CsyULe2umut5_4pmixNtB5_14PmixDeviceTypeNtNtCs27Vx93FoQ6z_4core3fmt7Display3fmt
FN:1454,_RNvXsg_CsyULe2umut5_4pmixNtB5_13PmixDataRangeNtNtCs27Vx93FoQ6z_4core3fmt7Display3fmt
FN:2024,_RNvXsm_CsyULe2umut5_4pmixNtB5_15IOFChannelFlagsNtNtNtCs27Vx93FoQ6z_4core3ops3bit5BitOr5bitor
FN:2030,_RNvXsn_CsyULe2umut5_4pmixNtB5_15IOFChannelFlagsNtNtNtCs27Vx93FoQ6z_4core3ops3bit11BitOrAssign12bitor_assign
FN:2036,_RNvXso_CsyULe2umut5_4pmixNtB5_15IOFChannelFlagsNtNtCs27Vx93FoQ6z_4core3fmt7Display3fmt
FN:2264,_RNvXsz_CsyULe2umut5_4pmixNtB5_9InfoFlagsNtNtNtCs27Vx93FoQ6z_4core3ops3bit5BitOr5bitor
FN:3179,_RNvNtCsyULe2umut5_4pmix5testss_16test_get_version
FN:2879,_RNvXsE_CsyULe2umut5_4pmixNtB5_14PmixOwnedValueNtNtNtCs27Vx93FoQ6z_4core3ops4drop4Drop4drop
FN:3023,_RNvXsI_CsyULe2umut5_4pmixNtB5_7ContextNtNtNtCs27Vx93FoQ6z_4core3ops4drop4Drop4drop
FN:2589,_RNCNvMsC_CsyULe2umut5_4pmixNtB7_16PmixValueBuilder12string_array0B7_
[...]
FNDA:1,_RNvNtNtCsyULe2umut5_4pmix7utility5testss_31test_proc_state_string_distinct
FNDA:1,_RNvNtNtCsyULe2umut5_4pmix7utility5testss_31test_scope_string_deterministic
FNDA:1,_RNvNtNtCsyULe2umut5_4pmix7utility5testss_32test_data_range_string_all_known
FNDA:1,_RNvNtNtCsyULe2umut5_4pmix7utility5testss_32test_device_type_from_raw_to_raw
FNDA:1,_RNvNtNtCsyULe2umut5_4pmix7utility5testss_32test_device_type_string_expected
FNDA:1,_RNvNtNtCsyULe2umut5_4pmix7utility5testss_32test_generate_ppn_range_notation
FNDA:1,_RNvNtNtCsyULe2umut5_4pmix7utility5testss_32test_info_directives_string_reqd
FNDA:1,_RNvNtNtCsyULe2umut5_4pmix7utility5testss_32test_iof_channel_string_combined
FNDA:1,_RNvNtNtCsyULe2umut5_4pmix7utility5testss_32test_iof_channel_string_distinct
FNDA:1,_RNvNtNtCsyULe2umut5_4pmix7utility5testss_32test_job_state_string_key_states
FNDA:1,_RNvNtNtCsyULe2umut5_4pmix7utility5testss_32test_link_state_string_all_known
FNDA:1,_RNvNtNtCsyULe2umut5_4pmix7utility5testss_33test_device_type_string_all_known
FNDA:1,_RNvNtNtCsyULe2umut5_4pmix7utility5testss_33test_info_directives_string_empty
FNDA:1,_RNvNtNtCsyULe2umut5_4pmix7utility5testss_33test_iof_channel_string_all_known
FNDA:1,_RNvNtNtCsyULe2umut5_4pmix7utility5testss_33test_proc_state_string_key_states
FNDA:1,_RNvNtNtCsyULe2umut5_4pmix7utility5testss_33test_scope_string_expected_values
FNDA:1,_RNvNtNtCsyULe2umut5_4pmix7utility5testss_34test_proc_state_string_error_range
FNDA:1,_RNvNtNtCsyULe2umut5_4pmix7utility5testss_35test_byte_object_empty_c_conversion
FNDA:1,_RNvNtNtCsyULe2umut5_4pmix7utility5testss_35test_iof_channel_flags_bitor_assign
FNDA:1,_RNvNtNtCsyULe2umut5_4pmix7utility5testss_35test_job_state_string_deterministic
FNDA:1,_RNvNtNtCsyULe2umut5_4pmix7utility5testss_36test_data_range_string_deterministic
FNDA:1,_RNvNtNtCsyULe2umut5_4pmix7utility5testss_36test_generate_ppn_null_byte_rejected
FNDA:1,_RNvNtNtCsyULe2umut5_4pmix7utility5testss_36test_info_directives_string_combined
FNDA:1,_RNvNtNtCsyULe2umut5_4pmix7utility5testss_36test_info_directives_string_distinct
FNDA:1,_RNvNtNtCsyULe2umut5_4pmix7utility5testss_36test_info_directives_string_reserved
FNDA:1,_RNvNtNtCsyULe2umut5_4pmix7utility5testss_36test_link_state_string_deterministic
FNDA:1,_RNvNtNtCsyULe2umut5_4pmix7utility5testss_36test_proc_state_string_deterministic
FNDA:1,_RNvNtNtCsyULe2umut5_4pmix7utility5testss_36test_scope_from_raw_to_raw_roundtrip
FNDA:1,_RNvNtNtCsyULe2umut5_4pmix7utility5testss_37test_device_type_string_deterministic
FNDA:1,_RNvNtNtCsyULe2umut5_4pmix7utility5testss_37test_generate_ppn_error_deterministic
FNDA:1,_RNvNtNtCsyULe2umut5_4pmix7utility5testss_37test_info_directives_string_all_known
FNDA:1,_RNvNtNtCsyULe2umut5_4pmix7utility5testss_37test_initialized_before_init_is_false
FNDA:1,_RNvNtNtCsyULe2umut5_4pmix7utility5testss_37test_iof_channel_string_deterministic
FNDA:1,_RNvNtNtCsyULe2umut5_4pmix7utility5testss_38test_data_range_string_expected_values
FNDA:1,_RNvNtNtCsyULe2umut5_4pmix7utility5testss_38test_generate_ppn_requires_server_init
FNDA:1,_RNvNtNtCsyULe2umut5_4pmix7utility5testss_38test_link_state_string_expected_values
FNDA:1,_RNvNtNtCsyULe2umut5_4pmix7utility5testss_39test_byte_object_c_conversion_roundtrip
FNDA:1,_RNvNtNtCsyULe2umut5_4pmix7utility5testss_39test_iof_channel_string_expected_values
FNDA:1,_RNvNtNtCsyULe2umut5_4pmix7utility5testss_40test_job_state_from_raw_to_raw_roundtrip
FNDA:1,_RNvNtNtCsyULe2umut5_4pmix7utility5testss_41test_data_range_from_raw_to_raw_roundtrip
FNDA:1,_RNvNtNtCsyULe2umut5_4pmix7utility5testss_41test_info_directives_string_deterministic
FNDA:1,_RNvNtNtCsyULe2umut5_4pmix7utility5testss_41test_proc_state_from_raw_to_raw_roundtrip
FNDA:0,_RNCNvNtCsyULe2umut5_4pmix7utility12IOF_REGISTRY0B5_
FNDA:0,_RNCNvNtCsyULe2umut5_4pmix7utility12generate_ppn0B5_
FNDA:3,_RNvMs3_NtCsyULe2umut5_4pmix7utilityNtB5_14PmixByteObject10free_c_ptr
FNDA:4,_RNvMs3_NtCsyULe2umut5_4pmix7utilityNtB5_14PmixByteObject10from_slice
FNDA:2,_RNvMs3_NtCsyULe2umut5_4pmix7utilityNtB5_14PmixByteObject12as_c_mut_ptr
FNDA:5,_RNvMs3_NtCsyULe2umut5_4pmix7utilityNtB5_14PmixByteObject3len
FNDA:2,_RNvMs3_NtCsyULe2umut5_4pmix7utilityNtB5_14PmixByteObject5empty
FNDA:5,_RNvMs3_NtCsyULe2umut5_4pmix7utilityNtB5_14PmixByteObject8as_slice
FNDA:1,_RNvMs3_NtCsyULe2umut5_4pmix7utilityNtB5_14PmixByteObject8from_vec
FNDA:2,_RNvMs3_NtCsyULe2umut5_4pmix7utilityNtB5_14PmixByteObject8is_empty
FNDA:3,_RNvNtCsyULe2umut5_4pmix7utility11initialized
FNDA:12,_RNvNtCsyULe2umut5_4pmix7utility12error_string
FNDA:10,_RNvNtCsyULe2umut5_4pmix7utility12generate_ppn
FNDA:13,_RNvNtCsyULe2umut5_4pmix7utility12scope_string
FNDA:15,_RNvNtCsyULe2umut5_4pmix7utility16job_state_string
FNDA:19,_RNvNtCsyULe2umut5_4pmix7utility17data_range_string
FNDA:10,_RNvNtCsyULe2umut5_4pmix7utility17link_state_string
FNDA:28,_RNvNtCsyULe2umut5_4pmix7utility17proc_state_string
FNDA:17,_RNvNtCsyULe2umut5_4pmix7utility18device_type_string
FNDA:14,_RNvNtCsyULe2umut5_4pmix7utility18iof_channel_string
FNDA:12,_RNvNtCsyULe2umut5_4pmix7utility22info_directives_string
FNDA:1,_RNvXs4_NtCsyULe2umut5_4pmix7utilityNtB5_14PmixByteObjectINtNtCs27Vx93FoQ6z_4core7convert5AsRefShE6as_ref
FNDA:1,_RINvNvNtNtCsyULe2umut5_4pmix7utility5testss_27test_iof_push_handler_trait14assert_handlerFNtB8_10PmixStatusEuEB8_
FNDA:1,_RINvNvNtNtCsyULe2umut5_4pmix7utility5testss_27test_iof_push_handler_trait14assert_handlerINtNtCsgW8esjfipvk_5alloc5boxed3BoxDINtNtNtCs27Vx93FoQ6z_4core3ops8function2FnTNtB8_10PmixStatusEEp6OutputuNtNtB26_6marker4SendEL_EEB8_
FNDA:0,_RINvNtCsyULe2umut5_4pmix7utility14iof_deregisterpEB4_
FNDA:0,_RINvNtCsyULe2umut5_4pmix7utility17iof_pull_blockingpEB4_
FNDA:0,_RINvNtCsyULe2umut5_4pmix7utility8iof_pullppEB4_
FNDA:0,_RINvNtCsyULe2umut5_4pmix7utility8iof_pushpEB4_
FNDA:0,_RNCINvNtCsyULe2umut5_4pmix7utility17iof_pull_blockingpE0B6_
FNDA:0,_RNCNCNvNtCsyULe2umut5_4pmix7utility19register_attributess_00B7_
FNDA:0,_RNCNvNtCsyULe2umut5_4pmix7utility14generate_regex0B5_
FNDA:0,_RNCNvNtCsyULe2umut5_4pmix7utility18get_attribute_name0B5_
FNDA:0,_RNCNvNtCsyULe2umut5_4pmix7utility19register_attributes0B5_
FNDA:0,_RNCNvNtCsyULe2umut5_4pmix7utility19register_attributess0_0B5_
FNDA:0,_RNCNvNtCsyULe2umut5_4pmix7utility19register_attributess_0B5_
FNDA:0,_RNCNvNtCsyULe2umut5_4pmix7utility20get_attribute_string0B5_
FNDA:0,_RNvNtCsyULe2umut5_4pmix7utility14generate_regex
FNDA:0,_RNvNtCsyULe2umut5_4pmix7utility16data_type_string
FNDA:0,_RNvNtCsyULe2umut5_4pmix7utility17iof_push_blocking
FNDA:0,_RNvNtCsyULe2umut5_4pmix7utility18get_attribute_name
FNDA:0,_RNvNtCsyULe2umut5_4pmix7utility18io_callback_bridge
FNDA:0,_RNvNtCsyULe2umut5_4pmix7utility18persistence_string
FNDA:0,_RNvNtCsyULe2umut5_4pmix7utility19reg_callback_bridge
FNDA:0,_RNvNtCsyULe2umut5_4pmix7utility19register_attributes
FNDA:0,_RNvNtCsyULe2umut5_4pmix7utility20get_attribute_string
FNDA:0,_RNvNtCsyULe2umut5_4pmix7utility20push_callback_bridge
FNDA:0,_RNvNtCsyULe2umut5_4pmix7utility21dereg_callback_bridge
FNDA:0,_RNvNtCsyULe2umut5_4pmix7utility22alloc_directive_string
FNDA:0,_RNvNtCsyULe2umut5_4pmix7utility23iof_deregister_blocking
FNF:142
FNH:115
DA:42,3
DA:46,3
DA:47,3
DA:76,12
DA:77,12
DA:83,12
DA:84,12
DA:86,0
DA:87,12
DA:90,12
DA:91,12
DA:92,12
DA:121,28
DA:122,28
DA:128,28
DA:129,28
DA:131,0
DA:132,28
DA:135,28
DA:136,28
DA:137,28
DA:166,13
DA:167,13
DA:173,13
DA:174,13
DA:176,0
DA:177,13
DA:180,13
DA:181,13
DA:182,13
DA:211,0
DA:212,0
DA:218,0
DA:219,0
DA:221,0
DA:222,0
DA:225,0
DA:226,0
DA:227,0
DA:256,19
DA:257,19
DA:263,19
DA:264,19
DA:266,0
DA:267,19
DA:270,19
DA:271,19
DA:272,19
DA:309,12
DA:310,12
DA:316,12
DA:317,12
DA:319,0
DA:320,12
DA:323,12
DA:324,12
DA:325,12
DA:354,0
DA:355,0
DA:361,0
DA:362,0
DA:364,0
DA:365,0
DA:368,0
DA:369,0
DA:370,0
DA:403,0
DA:404,0
DA:410,0
DA:411,0
DA:413,0
DA:414,0
DA:417,0
DA:418,0
DA:419,0
DA:457,14
DA:458,14
DA:464,14
DA:465,14
DA:467,0
DA:468,14
DA:471,14
DA:472,14
DA:473,14
DA:502,15
DA:503,15
DA:509,15
DA:510,15
DA:512,0
DA:513,15
DA:516,15
DA:517,15
DA:518,15
DA:553,0
DA:556,0
DA:564,0
DA:565,0
DA:568,0
DA:569,0
DA:572,0
DA:573,0
DA:574,0
DA:606,0
DA:607,0
DA:615,0
DA:616,0
DA:619,0
DA:620,0
DA:623,0
DA:624,0
DA:625,0
DA:661,10
DA:662,10
DA:668,10
DA:669,10
DA:671,0
DA:672,10
DA:675,10
DA:676,10
DA:677,10
DA:698,17
DA:699,17
DA:705,17
DA:706,17
DA:708,0
DA:709,17
DA:712,17
DA:713,17
DA:714,17
DA:752,0
DA:754,0
DA:756,0
DA:764,0
DA:766,0
DA:767,0
DA:768,0
DA:769,0
DA:775,0
DA:776,0
DA:777,0
DA:778,0
DA:779,0
DA:784,0
DA:785,0
DA:824,10
DA:826,10
DA:828,10
DA:836,10
DA:838,10
DA:839,10
DA:840,10
DA:841,0
DA:847,0
DA:848,0
DA:849,0
DA:850,0
DA:851,0
DA:856,0
DA:857,10
DA:900,0
DA:902,0
DA:908,0
DA:909,0
DA:910,0
DA:911,0
DA:918,0
DA:919,0
DA:920,0
DA:921,0
DA:922,0
DA:934,0
DA:935,0
DA:936,0
DA:937,0
DA:941,0
DA:942,0
DA:943,0
DA:945,0
DA:947,0
DA:963,0
DA:999,0
DA:1000,0
DA:1001,0
DA:1002,0
DA:1003,0
DA:1004,0
DA:1005,0
DA:1006,0
DA:1008,0
DA:1009,0
DA:1010,0
DA:1011,0
DA:1013,0
DA:1015,0
DA:1016,0
DA:1017,0
DA:1021,0
DA:1025,0
DA:1029,0
DA:1030,0
DA:1031,0
DA:1032,0
DA:1034,0
DA:1037,0
DA:1040,0
DA:1041,0
DA:1042,0
DA:1048,0
DA:1049,0
DA:1050,0
DA:1051,0
DA:1052,0
DA:1053,0
DA:1054,0
DA:1055,0
DA:1059,0
DA:1063,0
DA:1064,0
DA:1065,0
DA:1066,0
DA:1068,0
DA:1069,0
DA:1070,0
DA:1115,0
DA:1116,0
DA:1117,0
DA:1118,0
DA:1119,0
DA:1120,0
DA:1121,0
DA:1122,0
DA:1123,0
DA:1124,0
DA:1127,0
DA:1128,0
DA:1129,0
DA:1130,0
DA:1131,0
DA:1140,0
DA:1141,0
DA:1142,0
DA:1143,0
DA:1144,0
DA:1145,0
DA:1146,0
DA:1147,0
DA:1148,0
DA:1149,0
DA:1153,0
DA:1154,0
DA:1158,0
DA:1159,0
DA:1160,0
DA:1161,0
DA:1164,0
DA:1166,0
DA:1183,0
DA:1184,0
DA:1185,0
DA:1186,0
DA:1187,0
DA:1188,0
DA:1189,0
DA:1190,0
DA:1193,0
DA:1194,0
DA:1195,0
DA:1197,0
DA:1199,0
DA:1202,0
DA:1203,0
DA:1204,0
DA:1205,0
DA:1206,0
DA:1207,0
DA:1208,0
DA:1209,0
DA:1210,0
DA:1211,0
DA:1215,0
DA:1216,0
DA:1219,0
DA:1220,0
DA:1221,0
DA:1222,0
DA:1225,0
DA:1228,0
DA:1229,0
DA:1230,0
DA:1231,0
DA:1232,0
DA:1234,0
DA:1259,0
DA:1260,0
DA:1261,0
DA:1262,0
DA:1267,0
DA:1269,0
DA:1273,0
DA:1274,0
DA:1304,0
DA:1305,0
DA:1306,0
DA:1307,0
DA:1308,0
DA:1309,0
DA:1310,0
DA:1315,0
DA:1316,0
DA:1317,0
DA:1318,0
DA:1323,0
DA:1324,0
DA:1325,0
DA:1326,0
DA:1327,0
DA:1331,0
DA:1332,0
DA:1339,0
DA:1340,0
DA:1341,0
DA:1342,0
DA:1343,0
DA:1344,0
DA:1345,0
DA:1349,0
DA:1350,0
DA:1354,0
DA:1355,0
DA:1356,0
DA:1357,0
DA:1361,0
DA:1363,0
DA:1379,0
DA:1380,0
DA:1381,0
DA:1382,0
DA:1385,0
DA:1386,0
DA:1387,0
DA:1388,0
DA:1391,0
DA:1392,0
DA:1393,0
DA:1394,0
DA:1395,0
DA:1401,0
DA:1402,0
DA:1403,0
DA:1404,0
DA:1405,0
DA:1406,0
DA:1407,0
DA:1411,0
DA:1412,0
DA:1413,0
DA:1415,0
DA:1417,0
DA:1445,4
DA:1446,4
DA:1447,4
DA:1448,4
DA:1449,4
DA:1452,1
DA:1453,1
DA:1454,1
DA:1457,2
DA:1458,2
DA:1459,2
DA:1462,2
DA:1463,2
DA:1464,2
DA:1467,5
DA:1468,5
DA:1469,5
DA:1472,5
DA:1473,5
DA:1474,5
DA:1484,2
DA:1487,2
DA:1488,1
DA:1492,1
DA:1493,1
DA:1497,2
DA:1498,2
DA:1499,2
DA:1500,2
DA:1501,2
DA:1502,2
DA:1508,3
DA:1509,3
DA:1510,2
DA:1511,2
DA:1512,2
DA:1513,2
DA:1514,2
DA:1515,2
DA:1516,3
DA:1520,1
DA:1521,1
DA:1522,1
DA:1550,0
DA:1551,0
DA:1552,0
DA:1553,0
DA:1557,0
DA:1559,0
DA:1561,0
DA:1562,0
DA:1563,0
DA:1587,0
DA:1588,0
DA:1589,0
DA:1590,0
DA:1591,0
DA:1592,0
DA:1593,0
DA:1594,0
DA:1597,0
DA:1600,0
DA:1601,0
DA:1610,0
DA:1611,0
DA:1612,0
DA:1613,0
DA:1614,0
DA:1615,0
DA:1616,0
DA:1617,0
DA:1618,0
DA:1625,0
DA:1627,0
DA:1632,0
DA:1635,0
DA:1636,0
DA:1637,0
DA:1638,0
DA:1641,0
DA:1643,0
DA:1659,0
DA:1660,0
DA:1661,0
DA:1662,0
DA:1663,0
DA:1665,0
DA:1675,0
DA:1676,0
DA:1677,0
DA:1678,0
DA:1679,0
DA:1680,0
DA:1681,0
DA:1682,0
DA:1683,0
DA:1689,0
DA:1691,0
DA:1692,0
DA:1693,0
DA:1695,0
DA:1697,0
DA:1713,1
DA:1714,1
DA:1715,1
DA:1716,1
DA:1717,1
DA:1718,1
DA:1719,1
DA:1723,1
DA:1724,1
DA:1725,1
DA:1726,1
DA:1727,1
DA:1728,1
DA:1732,1
DA:1733,1
DA:1734,1
DA:1735,1
DA:1736,1
DA:1737,1
DA:1741,1
DA:1742,1
DA:1743,1
DA:1744,1
DA:1745,1
DA:1749,1
DA:1750,1
DA:1751,1
DA:1752,1
DA:1753,1
DA:1754,1
DA:1758,1
DA:1759,1
DA:1760,1
DA:1761,1
DA:1763,1
DA:1764,1
DA:1768,1
DA:1769,1
DA:1770,1
DA:1771,1
DA:1773,1
DA:1774,1
DA:1778,1
DA:1780,1
DA:1781,1
DA:1790,1
DA:1791,2
DA:1792,1
DA:1793,1
DA:1794,1
DA:1811,1
DA:1812,1
DA:1815,1
DA:1816,0
DA:1817,1
DA:1818,0
DA:1819,0
DA:1820,0
DA:1821,0
DA:1822,0
DA:1824,1
DA:1825,1
DA:1829,1
DA:1834,1
DA:1835,1
DA:1836,1
DA:1837,1
DA:1838,1
DA:1850,1
DA:1851,1
DA:1852,1
DA:1853,1
DA:1854,1
DA:1858,1
DA:1859,1
DA:1860,1
DA:1863,1
DA:1867,1
DA:1868,1
DA:1869,1
DA:1870,1
DA:1871,1
DA:1875,1
DA:1880,1
DA:1881,1
DA:1888,5
DA:1889,5
DA:1890,5
DA:1891,5
DA:1892,5
DA:1897,5
DA:1898,5
DA:1899,5
DA:1904,1
DA:1912,1
DA:1913,1
DA:1914,1
DA:1915,1
DA:1916,1
DA:1920,1
DA:1925,1
DA:1926,1
DA:1927,1
DA:1928,1
DA:1929,1
DA:1933,1
DA:1937,1
DA:1938,1
DA:1939,1
DA:1940,1
DA:1944,1
DA:1956,1
DA:1957,1
DA:1958,1
DA:1959,1
DA:1960,1
DA:1964,1
DA:1965,1
DA:1966,1
DA:1969,1
DA:1973,1
DA:1976,1
DA:1977,1
DA:1978,1
DA:1979,1
DA:1980,1
DA:1981,1
DA:1982,1
DA:1983,1
DA:1984,1
DA:1985,1
DA:1986,8
DA:1987,8
DA:1988,8
DA:1989,8
DA:1994,8
DA:1995,8
DA:1996,8
DA:2001,1
DA:2006,1
DA:2007,1
DA:2008,1
DA:2009,1
DA:2010,1
DA:2014,1
DA:2018,1
DA:2019,1
DA:2020,1
DA:2021,1
DA:2025,1
DA:2029,1
DA:2032,1
DA:2033,1
DA:2034,1
DA:2035,1
DA:2036,1
DA:2037,1
DA:2038,1
DA:2039,1
DA:2040,1
DA:2041,1
DA:2042,1
DA:2043,1
DA:2044,1
DA:2045,1
DA:2046,1
DA:2047,1
DA:2048,14
DA:2049,14
DA:2050,14
DA:2051,14
DA:2057,1
DA:2062,1
DA:2063,1
DA:2064,1
DA:2065,1
DA:2066,1
DA:2070,1
DA:2072,1
DA:2073,1
DA:2076,1
DA:2080,1
DA:2083,1
DA:2084,1
DA:2085,1
DA:2086,1
DA:2087,1
DA:2088,1
DA:2089,1
DA:2090,1
DA:2091,1
DA:2092,1
DA:2093,1
DA:2094,1
DA:2095,1
DA:2096,1
DA:2097,1
DA:2098,1
DA:2099,1
DA:2100,1
DA:2101,1
DA:2102,1
DA:2103,1
DA:2104,1
DA:2105,1
DA:2106,1
DA:2107,1
DA:2108,23
DA:2109,23
DA:2110,23
DA:2111,23
DA:2117,1
DA:2121,1
DA:2124,1
DA:2125,1
DA:2126,1
DA:2127,1
DA:2129,1
DA:2130,1
DA:2131,1
DA:2132,1
DA:2133,1
DA:2134,1
DA:2146,1
DA:2149,1
DA:2150,5
DA:2151,5
DA:2152,5
DA:2153,5
DA:2158,5
DA:2159,5
DA:2160,5
DA:2165,1
DA:2172,1
DA:2175,1
DA:2176,1
DA:2177,1
DA:2180,1
DA:2181,1
DA:2186,1
DA:2187,1
DA:2192,1
DA:2193,1
DA:2197,1
DA:2202,1
DA:2204,1
DA:2205,1
DA:2206,1
DA:2210,1
DA:2214,1
DA:2216,1
DA:2217,1
DA:2218,1
DA:2222,1
DA:2227,1
DA:2229,1
DA:2230,1
DA:2231,1
DA:2232,1
DA:2236,1
DA:2237,1
DA:2238,1
DA:2241,1
DA:2249,1
DA:2252,1
DA:2253,5
DA:2254,5
DA:2255,5
DA:2256,5
DA:2262,1
DA:2266,1
DA:2269,1
DA:2270,1
DA:2271,1
DA:2272,1
DA:2273,1
DA:2274,1
DA:2275,1
DA:2279,1
DA:2282,1
DA:2283,1
DA:2284,1
DA:2285,1
DA:2286,1
DA:2287,1
DA:2288,1
DA:2292,1
DA:2295,1
DA:2296,1
DA:2297,1
DA:2298,1
DA:2299,1
DA:2300,1
DA:2301,1
DA:2313,1
DA:2316,1
DA:2317,1
DA:2318,1
DA:2319,9
DA:2320,9
DA:2321,9
DA:2322,9
DA:2327,9
DA:2328,9
DA:2329,9
DA:2334,1
DA:2343,1
DA:2346,1
DA:2347,1
DA:2348,1
DA:2349,1
DA:2352,1
DA:2353,1
DA:2358,1
DA:2359,1
DA:2364,1
DA:2365,1
DA:2366,0
DA:2371,1
DA:2372,1
DA:2373,0
DA:2377,1
DA:2382,1
DA:2384,1
DA:2385,1
DA:2386,1
DA:2390,1
DA:2394,1
DA:2396,1
DA:2397,1
DA:2398,1
DA:2402,1
DA:2407,1
DA:2409,1
DA:2410,1
DA:2411,1
DA:2412,1
DA:2416,1
DA:2417,1
DA:2418,1
DA:2421,1
DA:2425,1
DA:2427,1
DA:2428,1
DA:2429,1
DA:2433,1
DA:2434,1
DA:2435,1
DA:2438,1
DA:2446,1
DA:2449,1
DA:2450,1
DA:2451,1
DA:2452,9
DA:2453,9
DA:2454,9
DA:2455,9
DA:2461,1
DA:2465,1
DA:2468,1
DA:2469,1
DA:2470,1
DA:2471,1
DA:2472,1
DA:2473,1
DA:2474,1
DA:2475,1
DA:2476,1
DA:2477,1
DA:2478,1
DA:2482,1
DA:2485,1
DA:2486,1
DA:2487,1
DA:2488,1
DA:2489,1
DA:2490,1
DA:2491,1
DA:2492,1
DA:2493,1
DA:2494,1
DA:2495,1
DA:2499,1
DA:2502,1
DA:2503,1
DA:2504,1
DA:2505,1
DA:2506,1
DA:2507,1
DA:2508,1
DA:2509,1
DA:2510,1
DA:2511,1
DA:2512,1
DA:2524,1
DA:2525,1
DA:2526,1
DA:2527,1
DA:2528,1
DA:2532,1
DA:2533,1
DA:2534,1
DA:2537,1
DA:2541,1
DA:2544,1
DA:2545,1
DA:2546,1
DA:2547,1
DA:2548,1
DA:2549,1
DA:2550,4
DA:2551,4
DA:2552,4
DA:2553,4
DA:2558,4
DA:2559,4
DA:2560,4
DA:2565,1
DA:2569,1
DA:2571,1
DA:2572,1
DA:2573,1
DA:2574,1
DA:2578,1
DA:2579,1
DA:2580,1
DA:2583,1
DA:2587,1
DA:2589,1
DA:2590,1
DA:2591,1
DA:2592,1
DA:2593,1
DA:2597,1
DA:2598,1
DA:2599,1
DA:2602,1
DA:2607,1
DA:2609,1
DA:2610,1
DA:2611,1
DA:2612,1
DA:2616,1
DA:2620,1
DA:2622,1
DA:2623,1
DA:2624,1
DA:2628,1
DA:2632,1
DA:2635,1
DA:2636,1
DA:2637,1
DA:2638,1
DA:2642,1
DA:2643,1
DA:2644,1
DA:2647,1
DA:2651,1
DA:2653,1
DA:2654,1
DA:2655,1
DA:2656,1
DA:2657,1
DA:2662,1
DA:2666,1
DA:2668,1
DA:2669,1
DA:2670,1
DA:2671,1
DA:2672,1
DA:2676,1
DA:2678,1
DA:2679,1
DA:2680,1
DA:2681,1
DA:2693,1
DA:2696,1
DA:2697,1
DA:2698,1
DA:2699,1
DA:2700,1
DA:2701,1
DA:2702,1
DA:2703,1
DA:2704,6
DA:2705,6
DA:2706,6
DA:2707,6
DA:2712,6
DA:2713,6
DA:2714,6
DA:2719,1
DA:2723,1
DA:2726,1
DA:2727,1
DA:2728,1
DA:2730,1
DA:2731,1
DA:2735,1
DA:2736,1
DA:2740,1
DA:2741,1
DA:2745,1
DA:2750,1
DA:2752,1
DA:2753,1
DA:2754,1
DA:2758,1
DA:2762,1
DA:2764,1
DA:2765,1
DA:2766,1
DA:2770,1
DA:2774,1
DA:2776,1
DA:2777,1
DA:2778,1
DA:2779,1
DA:2783,1
DA:2784,1
DA:2785,1
DA:2788,1
DA:2796,1
DA:2799,1
DA:2800,1
DA:2801,1
DA:2802,1
DA:2803,1
DA:2804,1
DA:2805,1
DA:2809,1
DA:2812,1
DA:2813,1
DA:2814,1
DA:2815,1
DA:2816,1
DA:2817,1
DA:2821,1
DA:2824,1
DA:2825,1
DA:2826,1
DA:2827,1
DA:2828,1
DA:2832,1
DA:2835,1
DA:2836,1
DA:2837,1
DA:2838,1
DA:2839,1
DA:2843,1
DA:2846,1
DA:2847,1
DA:2848,1
DA:2853,1
DA:2854,1
DA:2855,1
DA:2860,1
DA:2861,1
DA:2862,1
DA:2867,1
DA:2868,1
DA:2869,1
DA:2873,1
DA:2874,1
DA:2878,1
DA:2882,1
DA:2885,1
DA:2886,1
DA:2887,1
DA:2889,1
DA:2890,1
DA:2891,1
DA:2892,1
DA:2893,1
DA:2901,1
DA:2904,1
DA:2905,1
DA:2906,1
DA:2907,1
DA:2908,1
DA:2909,1
DA:2910,1
DA:2911,1
DA:2912,1
DA:2913,1
DA:2914,1
DA:2915,9
DA:2916,9
DA:2917,9
DA:2918,9
DA:2923,9
DA:2924,9
DA:2925,9
DA:2930,1
DA:2934,1
DA:2937,1
DA:2938,1
DA:2939,1
DA:2940,1
DA:2942,1
DA:2943,1
DA:2947,1
DA:2948,1
DA:2952,1
DA:2953,1
DA:2957,1
DA:2958,1
DA:2962,1
DA:2967,1
DA:2970,1
DA:2971,1
DA:2972,1
DA:2977,1
DA:2981,1
DA:2984,1
DA:2985,1
DA:2986,1
DA:2987,1
DA:2988,1
DA:2989,1
DA:2990,1
DA:2991,1
DA:2992,1
DA:2993,1
DA:2994,1
DA:2995,9
DA:2996,9
DA:2997,9
DA:2998,9
DA:3004,1
DA:3008,1
DA:3011,1
DA:3012,1
DA:3013,1
DA:3017,1
DA:3021,1
DA:3024,1
DA:3025,1
DA:3026,1
DA:3027,1
DA:3028,1
DA:3029,1
DA:3030,1
DA:3031,1
DA:3032,1
DA:3033,1
DA:3034,1
DA:3035,1
DA:3036,10
DA:3037,10
DA:3038,10
DA:3039,10
DA:3044,1
DA:3048,1
DA:3051,1
DA:3052,1
DA:3053,1
DA:3054,1
DA:3055,1
DA:3056,1
DA:3057,1
DA:3058,1
DA:3059,1
DA:3060,1
DA:3068,1
DA:3071,1
DA:3072,3
DA:3073,3
DA:3074,3
DA:3075,3
DA:3080,3
DA:3081,3
DA:3082,3
DA:3087,1
DA:3091,1
DA:3094,1
DA:3095,1
DA:3097,1
DA:3098,1
DA:3100,1
DA:3101,1
DA:3102,1
DA:3106,1
DA:3109,1
DA:3110,1
DA:3111,1
DA:3113,1
DA:3114,1
DA:3115,1
DA:3116,1
DA:3120,1
DA:3123,1
DA:3124,1
DA:3125,1
DA:3126,1
DA:3130,1
DA:3133,1
DA:3134,1
DA:3135,1
DA:3136,1
DA:3138,1
DA:3139,1
DA:3140,1
DA:3143,1
DA:3144,1
DA:3145,1
DA:3149,1
DA:3152,1
DA:3153,1
DA:3154,1
DA:3155,1
DA:3163,1
DA:3166,1
DA:3167,7
DA:3168,7
DA:3169,7
DA:3170,7
DA:3175,7
DA:3176,7
DA:3177,7
DA:3182,1
DA:3186,1
DA:3189,1
DA:3190,1
DA:3191,1
DA:3192,1
DA:3193,1
DA:3194,1
DA:3195,1
DA:3196,1
DA:3201,1
DA:3204,1
DA:3205,1
DA:3206,1
DA:3207,1
DA:3211,1
DA:3214,1
DA:3215,1
DA:3216,1
DA:3217,1
DA:3220,1
DA:3224,1
DA:3227,1
DA:3228,1
DA:3229,1
DA:3230,1
DA:3231,1
DA:3232,1
DA:3233,1
DA:3234,1
DA:3235,1
DA:3239,1
DA:3240,1
DA:3241,1
DA:3242,1
DA:3243,1
DA:3244,1
DA:3245,1
DA:3248,1
DA:3249,1
DA:3250,1
DA:3254,1
DA:3257,1
DA:3258,1
DA:3259,1
DA:3260,1
DA:3261,1
DA:3262,1
DA:3263,1
DA:3264,1
DA:3268,1
DA:3271,1
DA:3272,1
DA:3273,1
DA:3274,1
DA:3275,1
DA:3276,1
DA:3277,1
DA:3278,1
DA:3289,1
DA:3290,1
DA:3291,1
DA:3292,1
DA:3296,1
DA:3301,1
DA:3302,1
DA:3303,1
DA:3304,1
DA:3306,1
DA:3307,1
DA:3308,1
DA:3309,1
DA:3310,1
DA:3311,1
DA:3312,1
DA:3313,1
DA:3314,1
DA:3318,1
DA:3319,1
DA:3320,1
DA:3321,1
DA:3325,1
DA:3329,1
DA:3330,1
DA:3331,1
DA:3332,1
DA:3336,1
DA:3340,1
DA:3341,1
DA:3342,1
DA:3343,1
DA:3347,1
DA:3351,1
DA:3352,1
DA:3353,1
DA:3354,1
DA:3358,1
DA:3362,1
DA:3363,1
DA:3364,1
DA:3365,1
DA:3369,1
DA:3373,1
DA:3379,1
DA:3380,1
DA:3384,1
DA:3385,1
DA:3386,1
DA:3387,1
DA:3389,1
DA:3390,1
DA:3393,0
DA:3396,0
DA:3398,0
DA:3401,1
BRF:0
BRH:0
LF:1304
LH:950
end_of_record